2025-09-24 08:42:06,782 - INFO - municipal_modules.Tokyo.fetchers.tokyo_net_report_fetcher - [TOKYO] Visiting archive index: https://www.gikai.metro.tokyo.lg.jp/netreport/archive.html
2025-09-24 08:42:07,730 - INFO - municipal_modules.Tokyo.fetchers.tokyo_net_report_fetcher - [TOKYO] Processing session page: https://www.gikai.metro.tokyo.lg.jp/netreport/2025/report04/
2025-09-24 08:42:08,393 - INFO - app.municipal_modules.base.BaseMinuteFetcher - [HELPER][UPSERT] url=https://www.gikai.metro.tokyo.lg.jp/netreport/2025/report04/01.html metadata={'session_page_url': 'https://www.gikai.metro.tokyo.lg.jp/netreport/2025/report04/', 'questioner_display': '川松 真一朗（自民党）', 'questioner_name': '川松 真一朗', 'questioner_party': '自民党'}
2025-09-24 08:42:08,414 - INFO - app.municipal_modules.base.BaseMinuteFetcher - [HELPER][UPSERT] url=https://www.gikai.metro.tokyo.lg.jp/netreport/2025/report04/02.html metadata={'session_page_url': 'https://www.gikai.metro.tokyo.lg.jp/netreport/2025/report04/', 'questioner_display': '荒木 ちはる（都ファースト）', 'questioner_name': '荒木 ちはる', 'questioner_party': '都ファースト'}
2025-09-24 08:42:08,426 - INFO - app.municipal_modules.base.BaseMinuteFetcher - [HELPER][UPSERT] url=https://www.gikai.metro.tokyo.lg.jp/netreport/2025/report04/03.html metadata={'session_page_url': 'https://www.gikai.metro.tokyo.lg.jp/netreport/2025/report04/', 'questioner_display': 'うすい 浩一（公明党）', 'questioner_name': 'うすい 浩一', 'questioner_party': '公明党'}
2025-09-24 08:42:08,436 - INFO - app.municipal_modules.base.BaseMinuteFetcher - [HELPER][UPSERT] url=https://www.gikai.metro.tokyo.lg.jp/netreport/2025/report04/04.html metadata={'session_page_url': 'https://www.gikai.metro.tokyo.lg.jp/netreport/2025/report04/', 'questioner_display': '原 純子（日本共産党）', 'questioner_name': '原 純子', 'questioner_party': '日本共産党'}
2025-09-24 08:42:08,446 - INFO - app.municipal_modules.base.BaseMinuteFetcher - [HELPER][UPSERT] url=https://www.gikai.metro.tokyo.lg.jp/netreport/2025/report04/05.html metadata={'session_page_url': 'https://www.gikai.metro.tokyo.lg.jp/netreport/2025/report04/', 'questioner_display': '中田 たかし（立憲民主党）', 'questioner_name': '中田 たかし', 'questioner_party': '立憲民主党'}
2025-09-24 08:42:08,455 - INFO - app.municipal_modules.base.BaseMinuteFetcher - [HELPER][UPSERT] url=https://www.gikai.metro.tokyo.lg.jp/netreport/2025/report04/06.html metadata={'session_page_url': 'https://www.gikai.metro.tokyo.lg.jp/netreport/2025/report04/', 'questioner_display': '桐山 ひとみ（ミライ会議）', 'questioner_name': '桐山 ひとみ', 'questioner_party': 'ミライ会議'}
2025-09-24 08:42:08,464 - INFO - app.municipal_modules.base.BaseMinuteFetcher - [HELPER][UPSERT] url=https://www.gikai.metro.tokyo.lg.jp/netreport/2025/report04/07.html metadata={'session_page_url': 'https://www.gikai.metro.tokyo.lg.jp/netreport/2025/report04/', 'questioner_display': '上田 令子（自由守る会）', 'questioner_name': '上田 令子', 'questioner_party': '自由守る会'}
2025-09-24 08:42:08,474 - INFO - app.municipal_modules.base.BaseMinuteFetcher - [HELPER][UPSERT] url=https://www.gikai.metro.tokyo.lg.jp/netreport/2025/report04/08.html metadata={'session_page_url': 'https://www.gikai.metro.tokyo.lg.jp/netreport/2025/report04/', 'questioner_display': '斉藤 りえ（無（東京元気会））', 'questioner_name': '斉藤 りえ', 'questioner_party': '無（東京元気会）'}
2025-09-24 08:42:08,484 - INFO - app.municipal_modules.base.BaseMinuteFetcher - [HELPER][UPSERT] url=https://www.gikai.metro.tokyo.lg.jp/netreport/2025/report04/09.html metadata={'session_page_url': 'https://www.gikai.metro.tokyo.lg.jp/netreport/2025/report04/', 'questioner_display': '須山 たかし（無（八王子民主））', 'questioner_name': '須山 たかし', 'questioner_party': '無（八王子民主）'}
2025-09-24 08:42:08,493 - INFO - municipal_modules.Tokyo.fetchers.tokyo_net_report_fetcher - [TOKYO] Processing session page: https://www.gikai.metro.tokyo.lg.jp/netreport/2025/report01/
2025-09-24 08:42:09,067 - INFO - app.municipal_modules.base.BaseMinuteFetcher - [HELPER][UPSERT] url=https://www.gikai.metro.tokyo.lg.jp/netreport/2025/report01/01.html metadata={'session_page_url': 'https://www.gikai.metro.tokyo.lg.jp/netreport/2025/report01/', 'questioner_display': '小松 大祐（自民党）', 'questioner_name': '小松 大祐', 'questioner_party': '自民党'}
2025-09-24 08:42:09,087 - INFO - app.municipal_modules.base.BaseMinuteFetcher - [HELPER][UPSERT] url=https://www.gikai.metro.tokyo.lg.jp/netreport/2025/report01/02.html metadata={'session_page_url': 'https://www.gikai.metro.tokyo.lg.jp/netreport/2025/report01/', 'questioner_display': '村松 一希（都ファースト）', 'questioner_name': '村松 一希', 'questioner_party': '都ファースト'}
2025-09-24 08:42:09,101 - INFO - app.municipal_modules.base.BaseMinuteFetcher - [HELPER][UPSERT] url=https://www.gikai.metro.tokyo.lg.jp/netreport/2025/report01/03.html metadata={'session_page_url': 'https://www.gikai.metro.tokyo.lg.jp/netreport/2025/report01/', 'questioner_display': '東村 邦浩（公明党）', 'questioner_name': '東村 邦浩', 'questioner_party': '公明党'}
2025-09-24 08:42:09,112 - INFO - app.municipal_modules.base.BaseMinuteFetcher - [HELPER][UPSERT] url=https://www.gikai.metro.tokyo.lg.jp/netreport/2025/report01/04.html metadata={'session_page_url': 'https://www.gikai.metro.tokyo.lg.jp/netreport/2025/report01/', 'questioner_display': '清水 とし子（日本共産党）', 'questioner_name': '清水 とし子', 'questioner_party': '日本共産党'}
2025-09-24 08:42:09,122 - INFO - app.municipal_modules.base.BaseMinuteFetcher - [HELPER][UPSERT] url=https://www.gikai.metro.tokyo.lg.jp/netreport/2025/report01/05.html metadata={'session_page_url': 'https://www.gikai.metro.tokyo.lg.jp/netreport/2025/report01/', 'questioner_display': '竹井 ようこ（立憲民主党）', 'questioner_name': '竹井 ようこ', 'questioner_party': '立憲民主党'}
2025-09-24 08:42:09,135 - INFO - municipal_modules.Tokyo.fetchers.tokyo_net_report_fetcher - [TOKYO] Processing session page: https://www.gikai.metro.tokyo.lg.jp/netreport/2025/report02/
2025-09-24 08:42:09,606 - INFO - app.municipal_modules.base.BaseMinuteFetcher - [HELPER][UPSERT] url=https://www.gikai.metro.tokyo.lg.jp/netreport/2025/report02/01.html metadata={'session_page_url': 'https://www.gikai.metro.tokyo.lg.jp/netreport/2025/report02/', 'questioner_display': '東 まり子（自民党）', 'questioner_name': '東 まり子', 'questioner_party': '自民党'}
2025-09-24 08:42:09,625 - INFO - app.municipal_modules.base.BaseMinuteFetcher - [HELPER][UPSERT] url=https://www.gikai.metro.tokyo.lg.jp/netreport/2025/report02/02.html metadata={'session_page_url': 'https://www.gikai.metro.tokyo.lg.jp/netreport/2025/report02/', 'questioner_display': '藤井 あきら（都ファースト）', 'questioner_name': '藤井 あきら', 'questioner_party': '都ファースト'}
2025-09-24 08:42:09,640 - INFO - app.municipal_modules.base.BaseMinuteFetcher - [HELPER][UPSERT] url=https://www.gikai.metro.tokyo.lg.jp/netreport/2025/report02/03.html metadata={'session_page_url': 'https://www.gikai.metro.tokyo.lg.jp/netreport/2025/report02/', 'questioner_display': '慶野 信一（公明党）', 'questioner_name': '慶野 信一', 'questioner_party': '公明党'}
2025-09-24 08:42:09,649 - INFO - app.municipal_modules.base.BaseMinuteFetcher - [HELPER][UPSERT] url=https://www.gikai.metro.tokyo.lg.jp/netreport/2025/report02/04.html metadata={'session_page_url': 'https://www.gikai.metro.tokyo.lg.jp/netreport/2025/report02/', 'questioner_display': '藤田 りょうこ（日本共産党）', 'questioner_name': '藤田 りょうこ', 'questioner_party': '日本共産党'}
2025-09-24 08:42:09,666 - INFO - app.municipal_modules.base.BaseMinuteFetcher - [HELPER][UPSERT] url=https://www.gikai.metro.tokyo.lg.jp/netreport/2025/report02/05.html metadata={'session_page_url': 'https://www.gikai.metro.tokyo.lg.jp/netreport/2025/report02/', 'questioner_display': '星 大輔（自民党）', 'questioner_name': '星 大輔', 'questioner_party': '自民党'}
2025-09-24 08:42:09,683 - INFO - app.municipal_modules.base.BaseMinuteFetcher - [HELPER][UPSERT] url=https://www.gikai.metro.tokyo.lg.jp/netreport/2025/report02/06.html metadata={'session_page_url': 'https://www.gikai.metro.tokyo.lg.jp/netreport/2025/report02/', 'questioner_display': '福島 りえこ（都ファースト）', 'questioner_name': '福島 りえこ', 'questioner_party': '都ファースト'}
2025-09-24 08:42:09,696 - INFO - app.municipal_modules.base.BaseMinuteFetcher - [HELPER][UPSERT] url=https://www.gikai.metro.tokyo.lg.jp/netreport/2025/report02/07.html metadata={'session_page_url': 'https://www.gikai.metro.tokyo.lg.jp/netreport/2025/report02/', 'questioner_display': '風間 ゆたか（立憲民主党）', 'questioner_name': '風間 ゆたか', 'questioner_party': '立憲民主党'}
2025-09-24 08:42:09,706 - INFO - app.municipal_modules.base.BaseMinuteFetcher - [HELPER][UPSERT] url=https://www.gikai.metro.tokyo.lg.jp/netreport/2025/report02/08.html metadata={'session_page_url': 'https://www.gikai.metro.tokyo.lg.jp/netreport/2025/report02/', 'questioner_display': 'かつまた さとし（公明党）', 'questioner_name': 'かつまた さとし', 'questioner_party': '公明党'}
2025-09-24 08:42:09,714 - INFO - app.municipal_modules.base.BaseMinuteFetcher - [HELPER][UPSERT] url=https://www.gikai.metro.tokyo.lg.jp/netreport/2025/report02/09.html metadata={'session_page_url': 'https://www.gikai.metro.tokyo.lg.jp/netreport/2025/report02/', 'questioner_display': '磯山 亮（自民党）', 'questioner_name': '磯山 亮', 'questioner_party': '自民党'}
2025-09-24 08:42:09,724 - INFO - app.municipal_modules.base.BaseMinuteFetcher - [HELPER][UPSERT] url=https://www.gikai.metro.tokyo.lg.jp/netreport/2025/report02/10.html metadata={'session_page_url': 'https://www.gikai.metro.tokyo.lg.jp/netreport/2025/report02/', 'questioner_display': '米倉 春奈（日本共産党）', 'questioner_name': '米倉 春奈', 'questioner_party': '日本共産党'}
2025-09-24 08:42:09,732 - INFO - app.municipal_modules.base.BaseMinuteFetcher - [HELPER][UPSERT] url=https://www.gikai.metro.tokyo.lg.jp/netreport/2025/report02/11.html metadata={'session_page_url': 'https://www.gikai.metro.tokyo.lg.jp/netreport/2025/report02/', 'questioner_display': 'あかねがくぼ かよ子（都ファースト）', 'questioner_name': 'あかねがくぼ かよ子', 'questioner_party': '都ファースト'}
2025-09-24 08:42:09,741 - INFO - app.municipal_modules.base.BaseMinuteFetcher - [HELPER][UPSERT] url=https://www.gikai.metro.tokyo.lg.jp/netreport/2025/report02/12.html metadata={'session_page_url': 'https://www.gikai.metro.tokyo.lg.jp/netreport/2025/report02/', 'questioner_display': '竹平 ちはる（公明党）', 'questioner_name': '竹平 ちはる', 'questioner_party': '公明党'}
2025-09-24 08:42:09,749 - INFO - app.municipal_modules.base.BaseMinuteFetcher - [HELPER][UPSERT] url=https://www.gikai.metro.tokyo.lg.jp/netreport/2025/report02/13.html metadata={'session_page_url': 'https://www.gikai.metro.tokyo.lg.jp/netreport/2025/report02/', 'questioner_display': '吉住 はるお（自民党）', 'questioner_name': '吉住 はるお', 'questioner_party': '自民党'}
2025-09-24 08:42:09,759 - INFO - app.municipal_modules.base.BaseMinuteFetcher - [HELPER][UPSERT] url=https://www.gikai.metro.tokyo.lg.jp/netreport/2025/report02/14.html metadata={'session_page_url': 'https://www.gikai.metro.tokyo.lg.jp/netreport/2025/report02/', 'questioner_display': '龍円 あいり（都ファースト）', 'questioner_name': '龍円 あいり', 'questioner_party': '都ファースト'}
2025-09-24 08:42:09,768 - INFO - municipal_modules.Tokyo.fetchers.tokyo_net_report_fetcher - [TOKYO] Processing session page: https://www.gikai.metro.tokyo.lg.jp/netreport/2025/report03/
2025-09-24 08:42:10,297 - INFO - app.municipal_modules.base.BaseMinuteFetcher - [HELPER][UPSERT] url=https://www.gikai.metro.tokyo.lg.jp/netreport/2025/report03/01.html metadata={'session_page_url': 'https://www.gikai.metro.tokyo.lg.jp/netreport/2025/report03/', 'questioner_display': '宮瀬 英治（立憲民主党）', 'questioner_name': '宮瀬 英治', 'questioner_party': '立憲民主党'}
2025-09-24 08:42:10,308 - INFO - app.municipal_modules.base.BaseMinuteFetcher - [HELPER][UPSERT] url=https://www.gikai.metro.tokyo.lg.jp/netreport/2025/report03/02.html metadata={'session_page_url': 'https://www.gikai.metro.tokyo.lg.jp/netreport/2025/report03/', 'questioner_display': '原 純子（日本共産党）', 'questioner_name': '原 純子', 'questioner_party': '日本共産党'}
2025-09-24 08:42:10,317 - INFO - app.municipal_modules.base.BaseMinuteFetcher - [HELPER][UPSERT] url=https://www.gikai.metro.tokyo.lg.jp/netreport/2025/report03/03.html metadata={'session_page_url': 'https://www.gikai.metro.tokyo.lg.jp/netreport/2025/report03/', 'questioner_display': '本橋 たくみ（自民党）', 'questioner_name': '本橋 たくみ', 'questioner_party': '自民党'}
2025-09-24 08:42:10,335 - INFO - app.municipal_modules.base.BaseMinuteFetcher - [HELPER][UPSERT] url=https://www.gikai.metro.tokyo.lg.jp/netreport/2025/report03/04.html metadata={'session_page_url': 'https://www.gikai.metro.tokyo.lg.jp/netreport/2025/report03/', 'questioner_display': '玉川 ひでとし（公明党）', 'questioner_name': '玉川 ひでとし', 'questioner_party': '公明党'}
2025-09-24 08:42:10,347 - INFO - app.municipal_modules.base.BaseMinuteFetcher - [HELPER][UPSERT] url=https://www.gikai.metro.tokyo.lg.jp/netreport/2025/report03/05.html metadata={'session_page_url': 'https://www.gikai.metro.tokyo.lg.jp/netreport/2025/report03/', 'questioner_display': '入江 のぶこ（都ファースト）', 'questioner_name': '入江 のぶこ', 'questioner_party': '都ファースト'}
2025-09-24 08:42:10,355 - INFO - app.municipal_modules.base.BaseMinuteFetcher - [HELPER][UPSERT] url=https://www.gikai.metro.tokyo.lg.jp/netreport/2025/report03/06.html metadata={'session_page_url': 'https://www.gikai.metro.tokyo.lg.jp/netreport/2025/report03/', 'questioner_display': '鈴木 純（自民党）', 'questioner_name': '鈴木 純', 'questioner_party': '自民党'}
2025-09-24 08:42:10,365 - INFO - app.municipal_modules.base.BaseMinuteFetcher - [HELPER][UPSERT] url=https://www.gikai.metro.tokyo.lg.jp/netreport/2025/report03/07.html metadata={'session_page_url': 'https://www.gikai.metro.tokyo.lg.jp/netreport/2025/report03/', 'questioner_display': '鈴木 烈（立憲民主党）', 'questioner_name': '鈴木 烈', 'questioner_party': '立憲民主党'}
2025-09-24 08:42:10,373 - INFO - app.municipal_modules.base.BaseMinuteFetcher - [HELPER][UPSERT] url=https://www.gikai.metro.tokyo.lg.jp/netreport/2025/report03/08.html metadata={'session_page_url': 'https://www.gikai.metro.tokyo.lg.jp/netreport/2025/report03/', 'questioner_display': '田の上 いくこ（ミライ会議）', 'questioner_name': '田の上 いくこ', 'questioner_party': 'ミライ会議'}
2025-09-24 08:42:10,382 - INFO - app.municipal_modules.base.BaseMinuteFetcher - [HELPER][UPSERT] url=https://www.gikai.metro.tokyo.lg.jp/netreport/2025/report03/09.html metadata={'session_page_url': 'https://www.gikai.metro.tokyo.lg.jp/netreport/2025/report03/', 'questioner_display': 'さんのへ あや（自由守る会）', 'questioner_name': 'さんのへ あや', 'questioner_party': '自由守る会'}
2025-09-24 08:42:10,390 - INFO - app.municipal_modules.base.BaseMinuteFetcher - [HELPER][UPSERT] url=https://www.gikai.metro.tokyo.lg.jp/netreport/2025/report03/10.html metadata={'session_page_url': 'https://www.gikai.metro.tokyo.lg.jp/netreport/2025/report03/', 'questioner_display': 'しのはら りか（無（優しい東京））', 'questioner_name': 'しのはら りか', 'questioner_party': '無（優しい東京）'}
2025-09-24 08:42:10,398 - INFO - app.municipal_modules.base.BaseMinuteFetcher - [HELPER][UPSERT] url=https://www.gikai.metro.tokyo.lg.jp/netreport/2025/report03/11.html metadata={'session_page_url': 'https://www.gikai.metro.tokyo.lg.jp/netreport/2025/report03/', 'questioner_display': '松田 りゅうすけ（無（東京維新））', 'questioner_name': '松田 りゅうすけ', 'questioner_party': '無（東京維新）'}
2025-09-24 08:42:10,406 - INFO - app.municipal_modules.base.BaseMinuteFetcher - [HELPER][UPSERT] url=https://www.gikai.metro.tokyo.lg.jp/netreport/2025/report03/12.html metadata={'session_page_url': 'https://www.gikai.metro.tokyo.lg.jp/netreport/2025/report03/', 'questioner_display': '滝田 やすひこ（無（新 八王子））', 'questioner_name': '滝田 やすひこ', 'questioner_party': '無（新 八王子）'}
2025-09-24 08:42:10,416 - INFO - app.municipal_modules.base.BaseMinuteFetcher - [HELPER][UPSERT] url=https://www.gikai.metro.tokyo.lg.jp/netreport/2025/report03/13.html metadata={'session_page_url': 'https://www.gikai.metro.tokyo.lg.jp/netreport/2025/report03/', 'questioner_display': '漢人 あきこ（無（グリーン））', 'questioner_name': '漢人 あきこ', 'questioner_party': '無（グリーン）'}
2025-09-24 08:42:10,425 - INFO - municipal_modules.Tokyo.fetchers.tokyo_net_report_fetcher - [TOKYO] Downloading: https://www.gikai.metro.tokyo.lg.jp/netreport/2025/report04/01.html
2025-09-24 08:42:11,311 - INFO - municipal_modules.Tokyo.fetchers.tokyo_net_report_fetcher - [TOKYO][DONE] Saved to /home/vboxuser/ZeroTrustTokyo/ZeroTrustDemocracy/app/raw_minutes/tokyo_net_report_2025_report04_01.html
2025-09-24 08:42:11,311 - INFO - municipal_modules.Tokyo.fetchers.tokyo_net_report_fetcher - [TOKYO] Downloading: https://www.gikai.metro.tokyo.lg.jp/netreport/2025/report04/02.html
2025-09-24 08:42:12,230 - INFO - municipal_modules.Tokyo.fetchers.tokyo_net_report_fetcher - [TOKYO][DONE] Saved to /home/vboxuser/ZeroTrustTokyo/ZeroTrustDemocracy/app/raw_minutes/tokyo_net_report_2025_report04_02.html
2025-09-24 08:42:12,230 - INFO - municipal_modules.Tokyo.fetchers.tokyo_net_report_fetcher - [TOKYO] Downloading: https://www.gikai.metro.tokyo.lg.jp/netreport/2025/report04/03.html
2025-09-24 08:42:13,350 - INFO - municipal_modules.Tokyo.fetchers.tokyo_net_report_fetcher - [TOKYO][DONE] Saved to /home/vboxuser/ZeroTrustTokyo/ZeroTrustDemocracy/app/raw_minutes/tokyo_net_report_2025_report04_03.html
2025-09-24 08:42:13,350 - INFO - municipal_modules.Tokyo.fetchers.tokyo_net_report_fetcher - [TOKYO] Downloading: https://www.gikai.metro.tokyo.lg.jp/netreport/2025/report04/04.html
2025-09-24 08:42:14,018 - INFO - municipal_modules.Tokyo.fetchers.tokyo_net_report_fetcher - [TOKYO][DONE] Saved to /home/vboxuser/ZeroTrustTokyo/ZeroTrustDemocracy/app/raw_minutes/tokyo_net_report_2025_report04_04.html
2025-09-24 08:42:14,019 - INFO - municipal_modules.Tokyo.fetchers.tokyo_net_report_fetcher - [TOKYO] Downloading: https://www.gikai.metro.tokyo.lg.jp/netreport/2025/report04/05.html
2025-09-24 08:42:14,642 - INFO - municipal_modules.Tokyo.fetchers.tokyo_net_report_fetcher - [TOKYO][DONE] Saved to /home/vboxuser/ZeroTrustTokyo/ZeroTrustDemocracy/app/raw_minutes/tokyo_net_report_2025_report04_05.html
2025-09-24 08:42:14,642 - INFO - municipal_modules.Tokyo.fetchers.tokyo_net_report_fetcher - [TOKYO] Downloading: https://www.gikai.metro.tokyo.lg.jp/netreport/2025/report04/06.html
2025-09-24 08:42:15,142 - INFO - municipal_modules.Tokyo.fetchers.tokyo_net_report_fetcher - [TOKYO][DONE] Saved to /home/vboxuser/ZeroTrustTokyo/ZeroTrustDemocracy/app/raw_minutes/tokyo_net_report_2025_report04_06.html
2025-09-24 08:42:15,142 - INFO - municipal_modules.Tokyo.fetchers.tokyo_net_report_fetcher - [TOKYO] Downloading: https://www.gikai.metro.tokyo.lg.jp/netreport/2025/report04/07.html
2025-09-24 08:42:15,722 - INFO - municipal_modules.Tokyo.fetchers.tokyo_net_report_fetcher - [TOKYO][DONE] Saved to /home/vboxuser/ZeroTrustTokyo/ZeroTrustDemocracy/app/raw_minutes/tokyo_net_report_2025_report04_07.html
2025-09-24 08:42:15,723 - INFO - municipal_modules.Tokyo.fetchers.tokyo_net_report_fetcher - [TOKYO] Downloading: https://www.gikai.metro.tokyo.lg.jp/netreport/2025/report04/08.html
2025-09-24 08:42:16,391 - INFO - municipal_modules.Tokyo.fetchers.tokyo_net_report_fetcher - [TOKYO][DONE] Saved to /home/vboxuser/ZeroTrustTokyo/ZeroTrustDemocracy/app/raw_minutes/tokyo_net_report_2025_report04_08.html
2025-09-24 08:42:16,391 - INFO - municipal_modules.Tokyo.fetchers.tokyo_net_report_fetcher - [TOKYO] Downloading: https://www.gikai.metro.tokyo.lg.jp/netreport/2025/report04/09.html
2025-09-24 08:42:16,877 - INFO - municipal_modules.Tokyo.fetchers.tokyo_net_report_fetcher - [TOKYO][DONE] Saved to /home/vboxuser/ZeroTrustTokyo/ZeroTrustDemocracy/app/raw_minutes/tokyo_net_report_2025_report04_09.html
2025-09-24 08:42:16,877 - INFO - municipal_modules.Tokyo.fetchers.tokyo_net_report_fetcher - [TOKYO] Downloading: https://www.gikai.metro.tokyo.lg.jp/netreport/2025/report01/01.html
2025-09-24 08:42:18,039 - INFO - municipal_modules.Tokyo.fetchers.tokyo_net_report_fetcher - [TOKYO][DONE] Saved to /home/vboxuser/ZeroTrustTokyo/ZeroTrustDemocracy/app/raw_minutes/tokyo_net_report_2025_report01_01.html
2025-09-24 08:42:18,039 - INFO - municipal_modules.Tokyo.fetchers.tokyo_net_report_fetcher - [TOKYO] Downloading: https://www.gikai.metro.tokyo.lg.jp/netreport/2025/report01/02.html
2025-09-24 08:42:18,781 - INFO - municipal_modules.Tokyo.fetchers.tokyo_net_report_fetcher - [TOKYO][DONE] Saved to /home/vboxuser/ZeroTrustTokyo/ZeroTrustDemocracy/app/raw_minutes/tokyo_net_report_2025_report01_02.html
2025-09-24 08:42:18,781 - INFO - municipal_modules.Tokyo.fetchers.tokyo_net_report_fetcher - [TOKYO] Downloading: https://www.gikai.metro.tokyo.lg.jp/netreport/2025/report01/03.html
2025-09-24 08:42:19,620 - INFO - municipal_modules.Tokyo.fetchers.tokyo_net_report_fetcher - [TOKYO][DONE] Saved to /home/vboxuser/ZeroTrustTokyo/ZeroTrustDemocracy/app/raw_minutes/tokyo_net_report_2025_report01_03.html
2025-09-24 08:42:19,620 - INFO - municipal_modules.Tokyo.fetchers.tokyo_net_report_fetcher - [TOKYO] Downloading: https://www.gikai.metro.tokyo.lg.jp/netreport/2025/report01/04.html
2025-09-24 08:42:20,289 - INFO - municipal_modules.Tokyo.fetchers.tokyo_net_report_fetcher - [TOKYO][DONE] Saved to /home/vboxuser/ZeroTrustTokyo/ZeroTrustDemocracy/app/raw_minutes/tokyo_net_report_2025_report01_04.html
2025-09-24 08:42:20,289 - INFO - municipal_modules.Tokyo.fetchers.tokyo_net_report_fetcher - [TOKYO] Downloading: https://www.gikai.metro.tokyo.lg.jp/netreport/2025/report01/05.html
2025-09-24 08:42:21,037 - INFO - municipal_modules.Tokyo.fetchers.tokyo_net_report_fetcher - [TOKYO][DONE] Saved to /home/vboxuser/ZeroTrustTokyo/ZeroTrustDemocracy/app/raw_minutes/tokyo_net_report_2025_report01_05.html
2025-09-24 08:42:21,037 - INFO - municipal_modules.Tokyo.fetchers.tokyo_net_report_fetcher - [TOKYO] Downloading: https://www.gikai.metro.tokyo.lg.jp/netreport/2025/report02/01.html
2025-09-24 08:42:21,712 - INFO - municipal_modules.Tokyo.fetchers.tokyo_net_report_fetcher - [TOKYO][DONE] Saved to /home/vboxuser/ZeroTrustTokyo/ZeroTrustDemocracy/app/raw_minutes/tokyo_net_report_2025_report02_01.html
2025-09-24 08:42:21,713 - INFO - municipal_modules.Tokyo.fetchers.tokyo_net_report_fetcher - [TOKYO] Downloading: https://www.gikai.metro.tokyo.lg.jp/netreport/2025/report02/02.html
2025-09-24 08:42:22,551 - INFO - municipal_modules.Tokyo.fetchers.tokyo_net_report_fetcher - [TOKYO][DONE] Saved to /home/vboxuser/ZeroTrustTokyo/ZeroTrustDemocracy/app/raw_minutes/tokyo_net_report_2025_report02_02.html
2025-09-24 08:42:22,551 - INFO - municipal_modules.Tokyo.fetchers.tokyo_net_report_fetcher - [TOKYO] Downloading: https://www.gikai.metro.tokyo.lg.jp/netreport/2025/report02/03.html
2025-09-24 08:42:23,090 - INFO - municipal_modules.Tokyo.fetchers.tokyo_net_report_fetcher - [TOKYO][DONE] Saved to /home/vboxuser/ZeroTrustTokyo/ZeroTrustDemocracy/app/raw_minutes/tokyo_net_report_2025_report02_03.html
2025-09-24 08:42:23,090 - INFO - municipal_modules.Tokyo.fetchers.tokyo_net_report_fetcher - [TOKYO] Downloading: https://www.gikai.metro.tokyo.lg.jp/netreport/2025/report02/04.html
2025-09-24 08:42:23,806 - INFO - municipal_modules.Tokyo.fetchers.tokyo_net_report_fetcher - [TOKYO][DONE] Saved to /home/vboxuser/ZeroTrustTokyo/ZeroTrustDemocracy/app/raw_minutes/tokyo_net_report_2025_report02_04.html
2025-09-24 08:42:23,807 - INFO - municipal_modules.Tokyo.fetchers.tokyo_net_report_fetcher - [TOKYO] Downloading: https://www.gikai.metro.tokyo.lg.jp/netreport/2025/report02/05.html
2025-09-24 08:42:24,426 - INFO - municipal_modules.Tokyo.fetchers.tokyo_net_report_fetcher - [TOKYO][DONE] Saved to /home/vboxuser/ZeroTrustTokyo/ZeroTrustDemocracy/app/raw_minutes/tokyo_net_report_2025_report02_05.html
2025-09-24 08:42:24,426 - INFO - municipal_modules.Tokyo.fetchers.tokyo_net_report_fetcher - [TOKYO] Downloading: https://www.gikai.metro.tokyo.lg.jp/netreport/2025/report02/06.html
2025-09-24 08:42:24,933 - INFO - municipal_modules.Tokyo.fetchers.tokyo_net_report_fetcher - [TOKYO][DONE] Saved to /home/vboxuser/ZeroTrustTokyo/ZeroTrustDemocracy/app/raw_minutes/tokyo_net_report_2025_report02_06.html
2025-09-24 08:42:24,933 - INFO - municipal_modules.Tokyo.fetchers.tokyo_net_report_fetcher - [TOKYO] Downloading: https://www.gikai.metro.tokyo.lg.jp/netreport/2025/report02/07.html
2025-09-24 08:42:25,589 - INFO - municipal_modules.Tokyo.fetchers.tokyo_net_report_fetcher - [TOKYO][DONE] Saved to /home/vboxuser/ZeroTrustTokyo/ZeroTrustDemocracy/app/raw_minutes/tokyo_net_report_2025_report02_07.html
2025-09-24 08:42:25,589 - INFO - municipal_modules.Tokyo.fetchers.tokyo_net_report_fetcher - [TOKYO] Downloading: https://www.gikai.metro.tokyo.lg.jp/netreport/2025/report02/08.html
2025-09-24 08:42:26,172 - INFO - municipal_modules.Tokyo.fetchers.tokyo_net_report_fetcher - [TOKYO][DONE] Saved to /home/vboxuser/ZeroTrustTokyo/ZeroTrustDemocracy/app/raw_minutes/tokyo_net_report_2025_report02_08.html
2025-09-24 08:42:26,173 - INFO - municipal_modules.Tokyo.fetchers.tokyo_net_report_fetcher - [TOKYO] Downloading: https://www.gikai.metro.tokyo.lg.jp/netreport/2025/report02/09.html
2025-09-24 08:42:26,880 - INFO - municipal_modules.Tokyo.fetchers.tokyo_net_report_fetcher - [TOKYO][DONE] Saved to /home/vboxuser/ZeroTrustTokyo/ZeroTrustDemocracy/app/raw_minutes/tokyo_net_report_2025_report02_09.html
2025-09-24 08:42:26,881 - INFO - municipal_modules.Tokyo.fetchers.tokyo_net_report_fetcher - [TOKYO] Downloading: https://www.gikai.metro.tokyo.lg.jp/netreport/2025/report02/10.html
2025-09-24 08:42:27,523 - INFO - municipal_modules.Tokyo.fetchers.tokyo_net_report_fetcher - [TOKYO][DONE] Saved to /home/vboxuser/ZeroTrustTokyo/ZeroTrustDemocracy/app/raw_minutes/tokyo_net_report_2025_report02_10.html
2025-09-24 08:42:27,523 - INFO - municipal_modules.Tokyo.fetchers.tokyo_net_report_fetcher - [TOKYO] Downloading: https://www.gikai.metro.tokyo.lg.jp/netreport/2025/report02/11.html
2025-09-24 08:42:28,147 - INFO - municipal_modules.Tokyo.fetchers.tokyo_net_report_fetcher - [TOKYO][DONE] Saved to /home/vboxuser/ZeroTrustTokyo/ZeroTrustDemocracy/app/raw_minutes/tokyo_net_report_2025_report02_11.html
2025-09-24 08:42:28,147 - INFO - municipal_modules.Tokyo.fetchers.tokyo_net_report_fetcher - [TOKYO] Downloading: https://www.gikai.metro.tokyo.lg.jp/netreport/2025/report02/12.html
2025-09-24 08:42:28,703 - INFO - municipal_modules.Tokyo.fetchers.tokyo_net_report_fetcher - [TOKYO][DONE] Saved to /home/vboxuser/ZeroTrustTokyo/ZeroTrustDemocracy/app/raw_minutes/tokyo_net_report_2025_report02_12.html
2025-09-24 08:42:28,703 - INFO - municipal_modules.Tokyo.fetchers.tokyo_net_report_fetcher - [TOKYO] Downloading: https://www.gikai.metro.tokyo.lg.jp/netreport/2025/report02/13.html
2025-09-24 08:42:29,377 - INFO - municipal_modules.Tokyo.fetchers.tokyo_net_report_fetcher - [TOKYO][DONE] Saved to /home/vboxuser/ZeroTrustTokyo/ZeroTrustDemocracy/app/raw_minutes/tokyo_net_report_2025_report02_13.html
2025-09-24 08:42:29,377 - INFO - municipal_modules.Tokyo.fetchers.tokyo_net_report_fetcher - [TOKYO] Downloading: https://www.gikai.metro.tokyo.lg.jp/netreport/2025/report02/14.html
2025-09-24 08:42:30,264 - INFO - municipal_modules.Tokyo.fetchers.tokyo_net_report_fetcher - [TOKYO][DONE] Saved to /home/vboxuser/ZeroTrustTokyo/ZeroTrustDemocracy/app/raw_minutes/tokyo_net_report_2025_report02_14.html
2025-09-24 08:42:30,264 - INFO - municipal_modules.Tokyo.fetchers.tokyo_net_report_fetcher - [TOKYO] Downloading: https://www.gikai.metro.tokyo.lg.jp/netreport/2025/report03/01.html
2025-09-24 08:42:31,124 - INFO - municipal_modules.Tokyo.fetchers.tokyo_net_report_fetcher - [TOKYO][DONE] Saved to /home/vboxuser/ZeroTrustTokyo/ZeroTrustDemocracy/app/raw_minutes/tokyo_net_report_2025_report03_01.html
2025-09-24 08:42:31,125 - INFO - municipal_modules.Tokyo.fetchers.tokyo_net_report_fetcher - [TOKYO] Downloading: https://www.gikai.metro.tokyo.lg.jp/netreport/2025/report03/02.html
2025-09-24 08:42:31,825 - INFO - municipal_modules.Tokyo.fetchers.tokyo_net_report_fetcher - [TOKYO][DONE] Saved to /home/vboxuser/ZeroTrustTokyo/ZeroTrustDemocracy/app/raw_minutes/tokyo_net_report_2025_report03_02.html
2025-09-24 08:42:31,825 - INFO - municipal_modules.Tokyo.fetchers.tokyo_net_report_fetcher - [TOKYO] Downloading: https://www.gikai.metro.tokyo.lg.jp/netreport/2025/report03/03.html
2025-09-24 08:42:32,617 - INFO - municipal_modules.Tokyo.fetchers.tokyo_net_report_fetcher - [TOKYO][DONE] Saved to /home/vboxuser/ZeroTrustTokyo/ZeroTrustDemocracy/app/raw_minutes/tokyo_net_report_2025_report03_03.html
2025-09-24 08:42:32,617 - INFO - municipal_modules.Tokyo.fetchers.tokyo_net_report_fetcher - [TOKYO] Downloading: https://www.gikai.metro.tokyo.lg.jp/netreport/2025/report03/04.html
2025-09-24 08:42:33,243 - INFO - municipal_modules.Tokyo.fetchers.tokyo_net_report_fetcher - [TOKYO][DONE] Saved to /home/vboxuser/ZeroTrustTokyo/ZeroTrustDemocracy/app/raw_minutes/tokyo_net_report_2025_report03_04.html
2025-09-24 08:42:33,243 - INFO - municipal_modules.Tokyo.fetchers.tokyo_net_report_fetcher - [TOKYO] Downloading: https://www.gikai.metro.tokyo.lg.jp/netreport/2025/report03/05.html
2025-09-24 08:42:34,029 - INFO - municipal_modules.Tokyo.fetchers.tokyo_net_report_fetcher - [TOKYO][DONE] Saved to /home/vboxuser/ZeroTrustTokyo/ZeroTrustDemocracy/app/raw_minutes/tokyo_net_report_2025_report03_05.html
2025-09-24 08:42:34,029 - INFO - municipal_modules.Tokyo.fetchers.tokyo_net_report_fetcher - [TOKYO] Downloading: https://www.gikai.metro.tokyo.lg.jp/netreport/2025/report03/06.html
2025-09-24 08:42:34,791 - INFO - municipal_modules.Tokyo.fetchers.tokyo_net_report_fetcher - [TOKYO][DONE] Saved to /home/vboxuser/ZeroTrustTokyo/ZeroTrustDemocracy/app/raw_minutes/tokyo_net_report_2025_report03_06.html
2025-09-24 08:42:34,791 - INFO - municipal_modules.Tokyo.fetchers.tokyo_net_report_fetcher - [TOKYO] Downloading: https://www.gikai.metro.tokyo.lg.jp/netreport/2025/report03/07.html
2025-09-24 08:42:35,637 - INFO - municipal_modules.Tokyo.fetchers.tokyo_net_report_fetcher - [TOKYO][DONE] Saved to /home/vboxuser/ZeroTrustTokyo/ZeroTrustDemocracy/app/raw_minutes/tokyo_net_report_2025_report03_07.html
2025-09-24 08:42:35,638 - INFO - municipal_modules.Tokyo.fetchers.tokyo_net_report_fetcher - [TOKYO] Downloading: https://www.gikai.metro.tokyo.lg.jp/netreport/2025/report03/08.html
2025-09-24 08:42:36,377 - INFO - municipal_modules.Tokyo.fetchers.tokyo_net_report_fetcher - [TOKYO][DONE] Saved to /home/vboxuser/ZeroTrustTokyo/ZeroTrustDemocracy/app/raw_minutes/tokyo_net_report_2025_report03_08.html
2025-09-24 08:42:36,378 - INFO - municipal_modules.Tokyo.fetchers.tokyo_net_report_fetcher - [TOKYO] Downloading: https://www.gikai.metro.tokyo.lg.jp/netreport/2025/report03/09.html
2025-09-24 08:42:37,013 - INFO - municipal_modules.Tokyo.fetchers.tokyo_net_report_fetcher - [TOKYO][DONE] Saved to /home/vboxuser/ZeroTrustTokyo/ZeroTrustDemocracy/app/raw_minutes/tokyo_net_report_2025_report03_09.html
2025-09-24 08:42:37,013 - INFO - municipal_modules.Tokyo.fetchers.tokyo_net_report_fetcher - [TOKYO] Downloading: https://www.gikai.metro.tokyo.lg.jp/netreport/2025/report03/10.html
2025-09-24 08:42:37,971 - INFO - municipal_modules.Tokyo.fetchers.tokyo_net_report_fetcher - [TOKYO][DONE] Saved to /home/vboxuser/ZeroTrustTokyo/ZeroTrustDemocracy/app/raw_minutes/tokyo_net_report_2025_report03_10.html
2025-09-24 08:42:37,971 - INFO - municipal_modules.Tokyo.fetchers.tokyo_net_report_fetcher - [TOKYO] Downloading: https://www.gikai.metro.tokyo.lg.jp/netreport/2025/report03/11.html
2025-09-24 08:42:38,610 - INFO - municipal_modules.Tokyo.fetchers.tokyo_net_report_fetcher - [TOKYO][DONE] Saved to /home/vboxuser/ZeroTrustTokyo/ZeroTrustDemocracy/app/raw_minutes/tokyo_net_report_2025_report03_11.html
2025-09-24 08:42:38,610 - INFO - municipal_modules.Tokyo.fetchers.tokyo_net_report_fetcher - [TOKYO] Downloading: https://www.gikai.metro.tokyo.lg.jp/netreport/2025/report03/12.html
2025-09-24 08:42:39,294 - INFO - municipal_modules.Tokyo.fetchers.tokyo_net_report_fetcher - [TOKYO][DONE] Saved to /home/vboxuser/ZeroTrustTokyo/ZeroTrustDemocracy/app/raw_minutes/tokyo_net_report_2025_report03_12.html
2025-09-24 08:42:39,294 - INFO - municipal_modules.Tokyo.fetchers.tokyo_net_report_fetcher - [TOKYO] Downloading: https://www.gikai.metro.tokyo.lg.jp/netreport/2025/report03/13.html
2025-09-24 08:42:39,912 - INFO - municipal_modules.Tokyo.fetchers.tokyo_net_report_fetcher - [TOKYO][DONE] Saved to /home/vboxuser/ZeroTrustTokyo/ZeroTrustDemocracy/app/raw_minutes/tokyo_net_report_2025_report03_13.html
2025-09-24 13:36:51,818 - INFO - municipal_modules.Tokyo.fetchers.tokyo_net_report_fetcher - [TOKYO] Visiting archive index: https://www.gikai.metro.tokyo.lg.jp/netreport/archive.html
2025-09-24 13:36:52,278 - INFO - municipal_modules.Tokyo.fetchers.tokyo_net_report_fetcher - [TOKYO] Processing session page: https://www.gikai.metro.tokyo.lg.jp/netreport/2025/report04/
2025-09-24 13:36:52,900 - INFO - app.municipal_modules.base.BaseMinuteFetcher - [HELPER][UPSERT] url=https://www.gikai.metro.tokyo.lg.jp/netreport/2025/report04/01.html metadata={'session_page_url': 'https://www.gikai.metro.tokyo.lg.jp/netreport/2025/report04/', 'questioner_display': '川松 真一朗（自民党）', 'questioner_name': '川松 真一朗', 'questioner_party': '自民党'}
2025-09-24 13:36:52,922 - INFO - app.municipal_modules.base.BaseMinuteFetcher - [HELPER][UPSERT] url=https://www.gikai.metro.tokyo.lg.jp/netreport/2025/report04/02.html metadata={'session_page_url': 'https://www.gikai.metro.tokyo.lg.jp/netreport/2025/report04/', 'questioner_display': '荒木 ちはる（都ファースト）', 'questioner_name': '荒木 ちはる', 'questioner_party': '都ファースト'}
2025-09-24 13:36:52,942 - INFO - app.municipal_modules.base.BaseMinuteFetcher - [HELPER][UPSERT] url=https://www.gikai.metro.tokyo.lg.jp/netreport/2025/report04/03.html metadata={'session_page_url': 'https://www.gikai.metro.tokyo.lg.jp/netreport/2025/report04/', 'questioner_display': 'うすい 浩一（公明党）', 'questioner_name': 'うすい 浩一', 'questioner_party': '公明党'}
2025-09-24 13:36:52,965 - INFO - app.municipal_modules.base.BaseMinuteFetcher - [HELPER][UPSERT] url=https://www.gikai.metro.tokyo.lg.jp/netreport/2025/report04/04.html metadata={'session_page_url': 'https://www.gikai.metro.tokyo.lg.jp/netreport/2025/report04/', 'questioner_display': '原 純子（日本共産党）', 'questioner_name': '原 純子', 'questioner_party': '日本共産党'}
2025-09-24 13:36:52,973 - INFO - app.municipal_modules.base.BaseMinuteFetcher - [HELPER][UPSERT] url=https://www.gikai.metro.tokyo.lg.jp/netreport/2025/report04/05.html metadata={'session_page_url': 'https://www.gikai.metro.tokyo.lg.jp/netreport/2025/report04/', 'questioner_display': '中田 たかし（立憲民主党）', 'questioner_name': '中田 たかし', 'questioner_party': '立憲民主党'}
2025-09-24 13:36:52,983 - INFO - app.municipal_modules.base.BaseMinuteFetcher - [HELPER][UPSERT] url=https://www.gikai.metro.tokyo.lg.jp/netreport/2025/report04/06.html metadata={'session_page_url': 'https://www.gikai.metro.tokyo.lg.jp/netreport/2025/report04/', 'questioner_display': '桐山 ひとみ（ミライ会議）', 'questioner_name': '桐山 ひとみ', 'questioner_party': 'ミライ会議'}
2025-09-24 13:36:52,994 - INFO - app.municipal_modules.base.BaseMinuteFetcher - [HELPER][UPSERT] url=https://www.gikai.metro.tokyo.lg.jp/netreport/2025/report04/07.html metadata={'session_page_url': 'https://www.gikai.metro.tokyo.lg.jp/netreport/2025/report04/', 'questioner_display': '上田 令子（自由守る会）', 'questioner_name': '上田 令子', 'questioner_party': '自由守る会'}
2025-09-24 13:36:53,011 - INFO - app.municipal_modules.base.BaseMinuteFetcher - [HELPER][UPSERT] url=https://www.gikai.metro.tokyo.lg.jp/netreport/2025/report04/08.html metadata={'session_page_url': 'https://www.gikai.metro.tokyo.lg.jp/netreport/2025/report04/', 'questioner_display': '斉藤 りえ（無（東京元気会））', 'questioner_name': '斉藤 りえ', 'questioner_party': '無（東京元気会）'}
2025-09-24 13:36:53,020 - INFO - app.municipal_modules.base.BaseMinuteFetcher - [HELPER][UPSERT] url=https://www.gikai.metro.tokyo.lg.jp/netreport/2025/report04/09.html metadata={'session_page_url': 'https://www.gikai.metro.tokyo.lg.jp/netreport/2025/report04/', 'questioner_display': '須山 たかし（無（八王子民主））', 'questioner_name': '須山 たかし', 'questioner_party': '無（八王子民主）'}
2025-09-24 13:36:53,030 - INFO - municipal_modules.Tokyo.fetchers.tokyo_net_report_fetcher - [TOKYO] Processing session page: https://www.gikai.metro.tokyo.lg.jp/netreport/2025/report01/
2025-09-24 13:36:53,466 - INFO - app.municipal_modules.base.BaseMinuteFetcher - [HELPER][UPSERT] url=https://www.gikai.metro.tokyo.lg.jp/netreport/2025/report01/01.html metadata={'session_page_url': 'https://www.gikai.metro.tokyo.lg.jp/netreport/2025/report01/', 'questioner_display': '小松 大祐（自民党）', 'questioner_name': '小松 大祐', 'questioner_party': '自民党'}
2025-09-24 13:36:53,481 - INFO - app.municipal_modules.base.BaseMinuteFetcher - [HELPER][UPSERT] url=https://www.gikai.metro.tokyo.lg.jp/netreport/2025/report01/02.html metadata={'session_page_url': 'https://www.gikai.metro.tokyo.lg.jp/netreport/2025/report01/', 'questioner_display': '村松 一希（都ファースト）', 'questioner_name': '村松 一希', 'questioner_party': '都ファースト'}
2025-09-24 13:36:53,495 - INFO - app.municipal_modules.base.BaseMinuteFetcher - [HELPER][UPSERT] url=https://www.gikai.metro.tokyo.lg.jp/netreport/2025/report01/03.html metadata={'session_page_url': 'https://www.gikai.metro.tokyo.lg.jp/netreport/2025/report01/', 'questioner_display': '東村 邦浩（公明党）', 'questioner_name': '東村 邦浩', 'questioner_party': '公明党'}
2025-09-24 13:36:53,504 - INFO - app.municipal_modules.base.BaseMinuteFetcher - [HELPER][UPSERT] url=https://www.gikai.metro.tokyo.lg.jp/netreport/2025/report01/04.html metadata={'session_page_url': 'https://www.gikai.metro.tokyo.lg.jp/netreport/2025/report01/', 'questioner_display': '清水 とし子（日本共産党）', 'questioner_name': '清水 とし子', 'questioner_party': '日本共産党'}
2025-09-24 13:36:53,514 - INFO - app.municipal_modules.base.BaseMinuteFetcher - [HELPER][UPSERT] url=https://www.gikai.metro.tokyo.lg.jp/netreport/2025/report01/05.html metadata={'session_page_url': 'https://www.gikai.metro.tokyo.lg.jp/netreport/2025/report01/', 'questioner_display': '竹井 ようこ（立憲民主党）', 'questioner_name': '竹井 ようこ', 'questioner_party': '立憲民主党'}
2025-09-24 13:36:53,525 - INFO - municipal_modules.Tokyo.fetchers.tokyo_net_report_fetcher - [TOKYO] Processing session page: https://www.gikai.metro.tokyo.lg.jp/netreport/2025/report02/
2025-09-24 13:36:53,941 - INFO - app.municipal_modules.base.BaseMinuteFetcher - [HELPER][UPSERT] url=https://www.gikai.metro.tokyo.lg.jp/netreport/2025/report02/01.html metadata={'session_page_url': 'https://www.gikai.metro.tokyo.lg.jp/netreport/2025/report02/', 'questioner_display': '東 まり子（自民党）', 'questioner_name': '東 まり子', 'questioner_party': '自民党'}
2025-09-24 13:36:53,959 - INFO - app.municipal_modules.base.BaseMinuteFetcher - [HELPER][UPSERT] url=https://www.gikai.metro.tokyo.lg.jp/netreport/2025/report02/02.html metadata={'session_page_url': 'https://www.gikai.metro.tokyo.lg.jp/netreport/2025/report02/', 'questioner_display': '藤井 あきら（都ファースト）', 'questioner_name': '藤井 あきら', 'questioner_party': '都ファースト'}
2025-09-24 13:36:53,971 - INFO - app.municipal_modules.base.BaseMinuteFetcher - [HELPER][UPSERT] url=https://www.gikai.metro.tokyo.lg.jp/netreport/2025/report02/03.html metadata={'session_page_url': 'https://www.gikai.metro.tokyo.lg.jp/netreport/2025/report02/', 'questioner_display': '慶野 信一（公明党）', 'questioner_name': '慶野 信一', 'questioner_party': '公明党'}
2025-09-24 13:36:53,982 - INFO - app.municipal_modules.base.BaseMinuteFetcher - [HELPER][UPSERT] url=https://www.gikai.metro.tokyo.lg.jp/netreport/2025/report02/04.html metadata={'session_page_url': 'https://www.gikai.metro.tokyo.lg.jp/netreport/2025/report02/', 'questioner_display': '藤田 りょうこ（日本共産党）', 'questioner_name': '藤田 りょうこ', 'questioner_party': '日本共産党'}
2025-09-24 13:36:53,991 - INFO - app.municipal_modules.base.BaseMinuteFetcher - [HELPER][UPSERT] url=https://www.gikai.metro.tokyo.lg.jp/netreport/2025/report02/05.html metadata={'session_page_url': 'https://www.gikai.metro.tokyo.lg.jp/netreport/2025/report02/', 'questioner_display': '星 大輔（自民党）', 'questioner_name': '星 大輔', 'questioner_party': '自民党'}
2025-09-24 13:36:54,001 - INFO - app.municipal_modules.base.BaseMinuteFetcher - [HELPER][UPSERT] url=https://www.gikai.metro.tokyo.lg.jp/netreport/2025/report02/06.html metadata={'session_page_url': 'https://www.gikai.metro.tokyo.lg.jp/netreport/2025/report02/', 'questioner_display': '福島 りえこ（都ファースト）', 'questioner_name': '福島 りえこ', 'questioner_party': '都ファースト'}
2025-09-24 13:36:54,009 - INFO - app.municipal_modules.base.BaseMinuteFetcher - [HELPER][UPSERT] url=https://www.gikai.metro.tokyo.lg.jp/netreport/2025/report02/07.html metadata={'session_page_url': 'https://www.gikai.metro.tokyo.lg.jp/netreport/2025/report02/', 'questioner_display': '風間 ゆたか（立憲民主党）', 'questioner_name': '風間 ゆたか', 'questioner_party': '立憲民主党'}
2025-09-24 13:36:54,018 - INFO - app.municipal_modules.base.BaseMinuteFetcher - [HELPER][UPSERT] url=https://www.gikai.metro.tokyo.lg.jp/netreport/2025/report02/08.html metadata={'session_page_url': 'https://www.gikai.metro.tokyo.lg.jp/netreport/2025/report02/', 'questioner_display': 'かつまた さとし（公明党）', 'questioner_name': 'かつまた さとし', 'questioner_party': '公明党'}
2025-09-24 13:36:54,028 - INFO - app.municipal_modules.base.BaseMinuteFetcher - [HELPER][UPSERT] url=https://www.gikai.metro.tokyo.lg.jp/netreport/2025/report02/09.html metadata={'session_page_url': 'https://www.gikai.metro.tokyo.lg.jp/netreport/2025/report02/', 'questioner_display': '磯山 亮（自民党）', 'questioner_name': '磯山 亮', 'questioner_party': '自民党'}
2025-09-24 13:36:54,037 - INFO - app.municipal_modules.base.BaseMinuteFetcher - [HELPER][UPSERT] url=https://www.gikai.metro.tokyo.lg.jp/netreport/2025/report02/10.html metadata={'session_page_url': 'https://www.gikai.metro.tokyo.lg.jp/netreport/2025/report02/', 'questioner_display': '米倉 春奈（日本共産党）', 'questioner_name': '米倉 春奈', 'questioner_party': '日本共産党'}
2025-09-24 13:36:54,049 - INFO - app.municipal_modules.base.BaseMinuteFetcher - [HELPER][UPSERT] url=https://www.gikai.metro.tokyo.lg.jp/netreport/2025/report02/11.html metadata={'session_page_url': 'https://www.gikai.metro.tokyo.lg.jp/netreport/2025/report02/', 'questioner_display': 'あかねがくぼ かよ子（都ファースト）', 'questioner_name': 'あかねがくぼ かよ子', 'questioner_party': '都ファースト'}
2025-09-24 13:36:54,058 - INFO - app.municipal_modules.base.BaseMinuteFetcher - [HELPER][UPSERT] url=https://www.gikai.metro.tokyo.lg.jp/netreport/2025/report02/12.html metadata={'session_page_url': 'https://www.gikai.metro.tokyo.lg.jp/netreport/2025/report02/', 'questioner_display': '竹平 ちはる（公明党）', 'questioner_name': '竹平 ちはる', 'questioner_party': '公明党'}
2025-09-24 13:36:54,068 - INFO - app.municipal_modules.base.BaseMinuteFetcher - [HELPER][UPSERT] url=https://www.gikai.metro.tokyo.lg.jp/netreport/2025/report02/13.html metadata={'session_page_url': 'https://www.gikai.metro.tokyo.lg.jp/netreport/2025/report02/', 'questioner_display': '吉住 はるお（自民党）', 'questioner_name': '吉住 はるお', 'questioner_party': '自民党'}
2025-09-24 13:36:54,081 - INFO - app.municipal_modules.base.BaseMinuteFetcher - [HELPER][UPSERT] url=https://www.gikai.metro.tokyo.lg.jp/netreport/2025/report02/14.html metadata={'session_page_url': 'https://www.gikai.metro.tokyo.lg.jp/netreport/2025/report02/', 'questioner_display': '龍円 あいり（都ファースト）', 'questioner_name': '龍円 あいり', 'questioner_party': '都ファースト'}
2025-09-24 13:36:54,089 - INFO - municipal_modules.Tokyo.fetchers.tokyo_net_report_fetcher - [TOKYO] Processing session page: https://www.gikai.metro.tokyo.lg.jp/netreport/2025/report03/
2025-09-24 13:36:54,485 - INFO - app.municipal_modules.base.BaseMinuteFetcher - [HELPER][UPSERT] url=https://www.gikai.metro.tokyo.lg.jp/netreport/2025/report03/01.html metadata={'session_page_url': 'https://www.gikai.metro.tokyo.lg.jp/netreport/2025/report03/', 'questioner_display': '宮瀬 英治（立憲民主党）', 'questioner_name': '宮瀬 英治', 'questioner_party': '立憲民主党'}
2025-09-24 13:36:54,505 - INFO - app.municipal_modules.base.BaseMinuteFetcher - [HELPER][UPSERT] url=https://www.gikai.metro.tokyo.lg.jp/netreport/2025/report03/02.html metadata={'session_page_url': 'https://www.gikai.metro.tokyo.lg.jp/netreport/2025/report03/', 'questioner_display': '原 純子（日本共産党）', 'questioner_name': '原 純子', 'questioner_party': '日本共産党'}
2025-09-24 13:36:54,520 - INFO - app.municipal_modules.base.BaseMinuteFetcher - [HELPER][UPSERT] url=https://www.gikai.metro.tokyo.lg.jp/netreport/2025/report03/03.html metadata={'session_page_url': 'https://www.gikai.metro.tokyo.lg.jp/netreport/2025/report03/', 'questioner_display': '本橋 たくみ（自民党）', 'questioner_name': '本橋 たくみ', 'questioner_party': '自民党'}
2025-09-24 13:36:54,529 - INFO - app.municipal_modules.base.BaseMinuteFetcher - [HELPER][UPSERT] url=https://www.gikai.metro.tokyo.lg.jp/netreport/2025/report03/04.html metadata={'session_page_url': 'https://www.gikai.metro.tokyo.lg.jp/netreport/2025/report03/', 'questioner_display': '玉川 ひでとし（公明党）', 'questioner_name': '玉川 ひでとし', 'questioner_party': '公明党'}
2025-09-24 13:36:54,541 - INFO - app.municipal_modules.base.BaseMinuteFetcher - [HELPER][UPSERT] url=https://www.gikai.metro.tokyo.lg.jp/netreport/2025/report03/05.html metadata={'session_page_url': 'https://www.gikai.metro.tokyo.lg.jp/netreport/2025/report03/', 'questioner_display': '入江 のぶこ（都ファースト）', 'questioner_name': '入江 のぶこ', 'questioner_party': '都ファースト'}
2025-09-24 13:36:54,550 - INFO - app.municipal_modules.base.BaseMinuteFetcher - [HELPER][UPSERT] url=https://www.gikai.metro.tokyo.lg.jp/netreport/2025/report03/06.html metadata={'session_page_url': 'https://www.gikai.metro.tokyo.lg.jp/netreport/2025/report03/', 'questioner_display': '鈴木 純（自民党）', 'questioner_name': '鈴木 純', 'questioner_party': '自民党'}
2025-09-24 13:36:54,561 - INFO - app.municipal_modules.base.BaseMinuteFetcher - [HELPER][UPSERT] url=https://www.gikai.metro.tokyo.lg.jp/netreport/2025/report03/07.html metadata={'session_page_url': 'https://www.gikai.metro.tokyo.lg.jp/netreport/2025/report03/', 'questioner_display': '鈴木 烈（立憲民主党）', 'questioner_name': '鈴木 烈', 'questioner_party': '立憲民主党'}
2025-09-24 13:36:54,570 - INFO - app.municipal_modules.base.BaseMinuteFetcher - [HELPER][UPSERT] url=https://www.gikai.metro.tokyo.lg.jp/netreport/2025/report03/08.html metadata={'session_page_url': 'https://www.gikai.metro.tokyo.lg.jp/netreport/2025/report03/', 'questioner_display': '田の上 いくこ（ミライ会議）', 'questioner_name': '田の上 いくこ', 'questioner_party': 'ミライ会議'}
2025-09-24 13:36:54,579 - INFO - app.municipal_modules.base.BaseMinuteFetcher - [HELPER][UPSERT] url=https://www.gikai.metro.tokyo.lg.jp/netreport/2025/report03/09.html metadata={'session_page_url': 'https://www.gikai.metro.tokyo.lg.jp/netreport/2025/report03/', 'questioner_display': 'さんのへ あや（自由守る会）', 'questioner_name': 'さんのへ あや', 'questioner_party': '自由守る会'}
2025-09-24 13:36:54,589 - INFO - app.municipal_modules.base.BaseMinuteFetcher - [HELPER][UPSERT] url=https://www.gikai.metro.tokyo.lg.jp/netreport/2025/report03/10.html metadata={'session_page_url': 'https://www.gikai.metro.tokyo.lg.jp/netreport/2025/report03/', 'questioner_display': 'しのはら りか（無（優しい東京））', 'questioner_name': 'しのはら りか', 'questioner_party': '無（優しい東京）'}
2025-09-24 13:36:54,602 - INFO - app.municipal_modules.base.BaseMinuteFetcher - [HELPER][UPSERT] url=https://www.gikai.metro.tokyo.lg.jp/netreport/2025/report03/11.html metadata={'session_page_url': 'https://www.gikai.metro.tokyo.lg.jp/netreport/2025/report03/', 'questioner_display': '松田 りゅうすけ（無（東京維新））', 'questioner_name': '松田 りゅうすけ', 'questioner_party': '無（東京維新）'}
2025-09-24 13:36:54,613 - INFO - app.municipal_modules.base.BaseMinuteFetcher - [HELPER][UPSERT] url=https://www.gikai.metro.tokyo.lg.jp/netreport/2025/report03/12.html metadata={'session_page_url': 'https://www.gikai.metro.tokyo.lg.jp/netreport/2025/report03/', 'questioner_display': '滝田 やすひこ（無（新 八王子））', 'questioner_name': '滝田 やすひこ', 'questioner_party': '無（新 八王子）'}
2025-09-24 13:36:54,624 - INFO - app.municipal_modules.base.BaseMinuteFetcher - [HELPER][UPSERT] url=https://www.gikai.metro.tokyo.lg.jp/netreport/2025/report03/13.html metadata={'session_page_url': 'https://www.gikai.metro.tokyo.lg.jp/netreport/2025/report03/', 'questioner_display': '漢人 あきこ（無（グリーン））', 'questioner_name': '漢人 あきこ', 'questioner_party': '無（グリーン）'}
2025-09-24 13:36:54,634 - INFO - municipal_modules.Tokyo.fetchers.tokyo_net_report_fetcher - [TOKYO] Downloading: https://www.gikai.metro.tokyo.lg.jp/netreport/2025/report04/01.html
2025-09-24 13:36:55,363 - INFO - municipal_modules.Tokyo.fetchers.tokyo_net_report_fetcher - [TOKYO][DONE] Saved to /home/vboxuser/ZeroTrustTokyo/ZeroTrustDemocracy/app/raw_minutes/tokyo_net_report_2025_report04_01.html
2025-09-24 13:36:55,363 - INFO - municipal_modules.Tokyo.fetchers.tokyo_net_report_fetcher - [TOKYO] Downloading: https://www.gikai.metro.tokyo.lg.jp/netreport/2025/report04/02.html
2025-09-24 13:36:55,988 - INFO - municipal_modules.Tokyo.fetchers.tokyo_net_report_fetcher - [TOKYO][DONE] Saved to /home/vboxuser/ZeroTrustTokyo/ZeroTrustDemocracy/app/raw_minutes/tokyo_net_report_2025_report04_02.html
2025-09-24 13:36:55,988 - INFO - municipal_modules.Tokyo.fetchers.tokyo_net_report_fetcher - [TOKYO] Downloading: https://www.gikai.metro.tokyo.lg.jp/netreport/2025/report04/03.html
2025-09-24 13:36:56,503 - INFO - municipal_modules.Tokyo.fetchers.tokyo_net_report_fetcher - [TOKYO][DONE] Saved to /home/vboxuser/ZeroTrustTokyo/ZeroTrustDemocracy/app/raw_minutes/tokyo_net_report_2025_report04_03.html
2025-09-24 13:36:56,503 - INFO - municipal_modules.Tokyo.fetchers.tokyo_net_report_fetcher - [TOKYO] Downloading: https://www.gikai.metro.tokyo.lg.jp/netreport/2025/report04/04.html
2025-09-24 13:36:57,094 - INFO - municipal_modules.Tokyo.fetchers.tokyo_net_report_fetcher - [TOKYO][DONE] Saved to /home/vboxuser/ZeroTrustTokyo/ZeroTrustDemocracy/app/raw_minutes/tokyo_net_report_2025_report04_04.html
2025-09-24 13:36:57,095 - INFO - municipal_modules.Tokyo.fetchers.tokyo_net_report_fetcher - [TOKYO] Downloading: https://www.gikai.metro.tokyo.lg.jp/netreport/2025/report04/05.html
2025-09-24 13:36:57,558 - INFO - municipal_modules.Tokyo.fetchers.tokyo_net_report_fetcher - [TOKYO][DONE] Saved to /home/vboxuser/ZeroTrustTokyo/ZeroTrustDemocracy/app/raw_minutes/tokyo_net_report_2025_report04_05.html
2025-09-24 13:36:57,558 - INFO - municipal_modules.Tokyo.fetchers.tokyo_net_report_fetcher - [TOKYO] Downloading: https://www.gikai.metro.tokyo.lg.jp/netreport/2025/report04/06.html
2025-09-24 13:36:58,064 - INFO - municipal_modules.Tokyo.fetchers.tokyo_net_report_fetcher - [TOKYO][DONE] Saved to /home/vboxuser/ZeroTrustTokyo/ZeroTrustDemocracy/app/raw_minutes/tokyo_net_report_2025_report04_06.html
2025-09-24 13:36:58,064 - INFO - municipal_modules.Tokyo.fetchers.tokyo_net_report_fetcher - [TOKYO] Downloading: https://www.gikai.metro.tokyo.lg.jp/netreport/2025/report04/07.html
2025-09-24 13:36:58,536 - INFO - municipal_modules.Tokyo.fetchers.tokyo_net_report_fetcher - [TOKYO][DONE] Saved to /home/vboxuser/ZeroTrustTokyo/ZeroTrustDemocracy/app/raw_minutes/tokyo_net_report_2025_report04_07.html
2025-09-24 13:36:58,536 - INFO - municipal_modules.Tokyo.fetchers.tokyo_net_report_fetcher - [TOKYO] Downloading: https://www.gikai.metro.tokyo.lg.jp/netreport/2025/report04/08.html
2025-09-24 13:36:59,061 - INFO - municipal_modules.Tokyo.fetchers.tokyo_net_report_fetcher - [TOKYO][DONE] Saved to /home/vboxuser/ZeroTrustTokyo/ZeroTrustDemocracy/app/raw_minutes/tokyo_net_report_2025_report04_08.html
2025-09-24 13:36:59,062 - INFO - municipal_modules.Tokyo.fetchers.tokyo_net_report_fetcher - [TOKYO] Downloading: https://www.gikai.metro.tokyo.lg.jp/netreport/2025/report04/09.html
2025-09-24 13:36:59,532 - INFO - municipal_modules.Tokyo.fetchers.tokyo_net_report_fetcher - [TOKYO][DONE] Saved to /home/vboxuser/ZeroTrustTokyo/ZeroTrustDemocracy/app/raw_minutes/tokyo_net_report_2025_report04_09.html
2025-09-24 13:36:59,532 - INFO - municipal_modules.Tokyo.fetchers.tokyo_net_report_fetcher - [TOKYO] Downloading: https://www.gikai.metro.tokyo.lg.jp/netreport/2025/report01/01.html
2025-09-24 13:37:00,245 - INFO - municipal_modules.Tokyo.fetchers.tokyo_net_report_fetcher - [TOKYO][DONE] Saved to /home/vboxuser/ZeroTrustTokyo/ZeroTrustDemocracy/app/raw_minutes/tokyo_net_report_2025_report01_01.html
2025-09-24 13:37:00,245 - INFO - municipal_modules.Tokyo.fetchers.tokyo_net_report_fetcher - [TOKYO] Downloading: https://www.gikai.metro.tokyo.lg.jp/netreport/2025/report01/02.html
2025-09-24 13:37:00,852 - INFO - municipal_modules.Tokyo.fetchers.tokyo_net_report_fetcher - [TOKYO][DONE] Saved to /home/vboxuser/ZeroTrustTokyo/ZeroTrustDemocracy/app/raw_minutes/tokyo_net_report_2025_report01_02.html
2025-09-24 13:37:00,852 - INFO - municipal_modules.Tokyo.fetchers.tokyo_net_report_fetcher - [TOKYO] Downloading: https://www.gikai.metro.tokyo.lg.jp/netreport/2025/report01/03.html
2025-09-24 13:37:01,921 - INFO - municipal_modules.Tokyo.fetchers.tokyo_net_report_fetcher - [TOKYO][DONE] Saved to /home/vboxuser/ZeroTrustTokyo/ZeroTrustDemocracy/app/raw_minutes/tokyo_net_report_2025_report01_03.html
2025-09-24 13:37:01,922 - INFO - municipal_modules.Tokyo.fetchers.tokyo_net_report_fetcher - [TOKYO] Downloading: https://www.gikai.metro.tokyo.lg.jp/netreport/2025/report01/04.html
2025-09-24 13:37:02,711 - INFO - municipal_modules.Tokyo.fetchers.tokyo_net_report_fetcher - [TOKYO][DONE] Saved to /home/vboxuser/ZeroTrustTokyo/ZeroTrustDemocracy/app/raw_minutes/tokyo_net_report_2025_report01_04.html
2025-09-24 13:37:02,711 - INFO - municipal_modules.Tokyo.fetchers.tokyo_net_report_fetcher - [TOKYO] Downloading: https://www.gikai.metro.tokyo.lg.jp/netreport/2025/report01/05.html
2025-09-24 13:37:03,191 - INFO - municipal_modules.Tokyo.fetchers.tokyo_net_report_fetcher - [TOKYO][DONE] Saved to /home/vboxuser/ZeroTrustTokyo/ZeroTrustDemocracy/app/raw_minutes/tokyo_net_report_2025_report01_05.html
2025-09-24 13:37:03,191 - INFO - municipal_modules.Tokyo.fetchers.tokyo_net_report_fetcher - [TOKYO] Downloading: https://www.gikai.metro.tokyo.lg.jp/netreport/2025/report02/01.html
2025-09-24 13:37:03,679 - INFO - municipal_modules.Tokyo.fetchers.tokyo_net_report_fetcher - [TOKYO][DONE] Saved to /home/vboxuser/ZeroTrustTokyo/ZeroTrustDemocracy/app/raw_minutes/tokyo_net_report_2025_report02_01.html
2025-09-24 13:37:03,679 - INFO - municipal_modules.Tokyo.fetchers.tokyo_net_report_fetcher - [TOKYO] Downloading: https://www.gikai.metro.tokyo.lg.jp/netreport/2025/report02/02.html
2025-09-24 13:37:04,230 - INFO - municipal_modules.Tokyo.fetchers.tokyo_net_report_fetcher - [TOKYO][DONE] Saved to /home/vboxuser/ZeroTrustTokyo/ZeroTrustDemocracy/app/raw_minutes/tokyo_net_report_2025_report02_02.html
2025-09-24 13:37:04,230 - INFO - municipal_modules.Tokyo.fetchers.tokyo_net_report_fetcher - [TOKYO] Downloading: https://www.gikai.metro.tokyo.lg.jp/netreport/2025/report02/03.html
2025-09-24 13:37:04,768 - INFO - municipal_modules.Tokyo.fetchers.tokyo_net_report_fetcher - [TOKYO][DONE] Saved to /home/vboxuser/ZeroTrustTokyo/ZeroTrustDemocracy/app/raw_minutes/tokyo_net_report_2025_report02_03.html
2025-09-24 13:37:04,768 - INFO - municipal_modules.Tokyo.fetchers.tokyo_net_report_fetcher - [TOKYO] Downloading: https://www.gikai.metro.tokyo.lg.jp/netreport/2025/report02/04.html
2025-09-24 13:37:05,337 - INFO - municipal_modules.Tokyo.fetchers.tokyo_net_report_fetcher - [TOKYO][DONE] Saved to /home/vboxuser/ZeroTrustTokyo/ZeroTrustDemocracy/app/raw_minutes/tokyo_net_report_2025_report02_04.html
2025-09-24 13:37:05,337 - INFO - municipal_modules.Tokyo.fetchers.tokyo_net_report_fetcher - [TOKYO] Downloading: https://www.gikai.metro.tokyo.lg.jp/netreport/2025/report02/05.html
2025-09-24 13:37:05,808 - INFO - municipal_modules.Tokyo.fetchers.tokyo_net_report_fetcher - [TOKYO][DONE] Saved to /home/vboxuser/ZeroTrustTokyo/ZeroTrustDemocracy/app/raw_minutes/tokyo_net_report_2025_report02_05.html
2025-09-24 13:37:05,808 - INFO - municipal_modules.Tokyo.fetchers.tokyo_net_report_fetcher - [TOKYO] Downloading: https://www.gikai.metro.tokyo.lg.jp/netreport/2025/report02/06.html
2025-09-24 13:37:06,417 - INFO - municipal_modules.Tokyo.fetchers.tokyo_net_report_fetcher - [TOKYO][DONE] Saved to /home/vboxuser/ZeroTrustTokyo/ZeroTrustDemocracy/app/raw_minutes/tokyo_net_report_2025_report02_06.html
2025-09-24 13:37:06,417 - INFO - municipal_modules.Tokyo.fetchers.tokyo_net_report_fetcher - [TOKYO] Downloading: https://www.gikai.metro.tokyo.lg.jp/netreport/2025/report02/07.html
2025-09-24 13:37:06,876 - INFO - municipal_modules.Tokyo.fetchers.tokyo_net_report_fetcher - [TOKYO][DONE] Saved to /home/vboxuser/ZeroTrustTokyo/ZeroTrustDemocracy/app/raw_minutes/tokyo_net_report_2025_report02_07.html
2025-09-24 13:37:06,876 - INFO - municipal_modules.Tokyo.fetchers.tokyo_net_report_fetcher - [TOKYO] Downloading: https://www.gikai.metro.tokyo.lg.jp/netreport/2025/report02/08.html
2025-09-24 13:37:07,554 - INFO - municipal_modules.Tokyo.fetchers.tokyo_net_report_fetcher - [TOKYO][DONE] Saved to /home/vboxuser/ZeroTrustTokyo/ZeroTrustDemocracy/app/raw_minutes/tokyo_net_report_2025_report02_08.html
2025-09-24 13:37:07,554 - INFO - municipal_modules.Tokyo.fetchers.tokyo_net_report_fetcher - [TOKYO] Downloading: https://www.gikai.metro.tokyo.lg.jp/netreport/2025/report02/09.html
2025-09-24 13:37:08,197 - INFO - municipal_modules.Tokyo.fetchers.tokyo_net_report_fetcher - [TOKYO][DONE] Saved to /home/vboxuser/ZeroTrustTokyo/ZeroTrustDemocracy/app/raw_minutes/tokyo_net_report_2025_report02_09.html
2025-09-24 13:37:08,197 - INFO - municipal_modules.Tokyo.fetchers.tokyo_net_report_fetcher - [TOKYO] Downloading: https://www.gikai.metro.tokyo.lg.jp/netreport/2025/report02/10.html
2025-09-24 13:37:08,848 - INFO - municipal_modules.Tokyo.fetchers.tokyo_net_report_fetcher - [TOKYO][DONE] Saved to /home/vboxuser/ZeroTrustTokyo/ZeroTrustDemocracy/app/raw_minutes/tokyo_net_report_2025_report02_10.html
2025-09-24 13:37:08,848 - INFO - municipal_modules.Tokyo.fetchers.tokyo_net_report_fetcher - [TOKYO] Downloading: https://www.gikai.metro.tokyo.lg.jp/netreport/2025/report02/11.html
2025-09-24 13:37:09,725 - INFO - municipal_modules.Tokyo.fetchers.tokyo_net_report_fetcher - [TOKYO][DONE] Saved to /home/vboxuser/ZeroTrustTokyo/ZeroTrustDemocracy/app/raw_minutes/tokyo_net_report_2025_report02_11.html
2025-09-24 13:37:09,726 - INFO - municipal_modules.Tokyo.fetchers.tokyo_net_report_fetcher - [TOKYO] Downloading: https://www.gikai.metro.tokyo.lg.jp/netreport/2025/report02/12.html
2025-09-24 13:37:10,381 - INFO - municipal_modules.Tokyo.fetchers.tokyo_net_report_fetcher - [TOKYO][DONE] Saved to /home/vboxuser/ZeroTrustTokyo/ZeroTrustDemocracy/app/raw_minutes/tokyo_net_report_2025_report02_12.html
2025-09-24 13:37:10,381 - INFO - municipal_modules.Tokyo.fetchers.tokyo_net_report_fetcher - [TOKYO] Downloading: https://www.gikai.metro.tokyo.lg.jp/netreport/2025/report02/13.html
2025-09-24 13:37:10,872 - INFO - municipal_modules.Tokyo.fetchers.tokyo_net_report_fetcher - [TOKYO][DONE] Saved to /home/vboxuser/ZeroTrustTokyo/ZeroTrustDemocracy/app/raw_minutes/tokyo_net_report_2025_report02_13.html
2025-09-24 13:37:10,872 - INFO - municipal_modules.Tokyo.fetchers.tokyo_net_report_fetcher - [TOKYO] Downloading: https://www.gikai.metro.tokyo.lg.jp/netreport/2025/report02/14.html
2025-09-24 13:37:11,553 - INFO - municipal_modules.Tokyo.fetchers.tokyo_net_report_fetcher - [TOKYO][DONE] Saved to /home/vboxuser/ZeroTrustTokyo/ZeroTrustDemocracy/app/raw_minutes/tokyo_net_report_2025_report02_14.html
2025-09-24 13:37:11,554 - INFO - municipal_modules.Tokyo.fetchers.tokyo_net_report_fetcher - [TOKYO] Downloading: https://www.gikai.metro.tokyo.lg.jp/netreport/2025/report03/01.html
2025-09-24 13:37:12,012 - INFO - municipal_modules.Tokyo.fetchers.tokyo_net_report_fetcher - [TOKYO][DONE] Saved to /home/vboxuser/ZeroTrustTokyo/ZeroTrustDemocracy/app/raw_minutes/tokyo_net_report_2025_report03_01.html
2025-09-24 13:37:12,013 - INFO - municipal_modules.Tokyo.fetchers.tokyo_net_report_fetcher - [TOKYO] Downloading: https://www.gikai.metro.tokyo.lg.jp/netreport/2025/report03/02.html
2025-09-24 13:37:12,516 - INFO - municipal_modules.Tokyo.fetchers.tokyo_net_report_fetcher - [TOKYO][DONE] Saved to /home/vboxuser/ZeroTrustTokyo/ZeroTrustDemocracy/app/raw_minutes/tokyo_net_report_2025_report03_02.html
2025-09-24 13:37:12,516 - INFO - municipal_modules.Tokyo.fetchers.tokyo_net_report_fetcher - [TOKYO] Downloading: https://www.gikai.metro.tokyo.lg.jp/netreport/2025/report03/03.html
2025-09-24 13:37:13,032 - INFO - municipal_modules.Tokyo.fetchers.tokyo_net_report_fetcher - [TOKYO][DONE] Saved to /home/vboxuser/ZeroTrustTokyo/ZeroTrustDemocracy/app/raw_minutes/tokyo_net_report_2025_report03_03.html
2025-09-24 13:37:13,032 - INFO - municipal_modules.Tokyo.fetchers.tokyo_net_report_fetcher - [TOKYO] Downloading: https://www.gikai.metro.tokyo.lg.jp/netreport/2025/report03/04.html
2025-09-24 13:37:13,562 - INFO - municipal_modules.Tokyo.fetchers.tokyo_net_report_fetcher - [TOKYO][DONE] Saved to /home/vboxuser/ZeroTrustTokyo/ZeroTrustDemocracy/app/raw_minutes/tokyo_net_report_2025_report03_04.html
2025-09-24 13:37:13,563 - INFO - municipal_modules.Tokyo.fetchers.tokyo_net_report_fetcher - [TOKYO] Downloading: https://www.gikai.metro.tokyo.lg.jp/netreport/2025/report03/05.html
2025-09-24 13:37:14,159 - INFO - municipal_modules.Tokyo.fetchers.tokyo_net_report_fetcher - [TOKYO][DONE] Saved to /home/vboxuser/ZeroTrustTokyo/ZeroTrustDemocracy/app/raw_minutes/tokyo_net_report_2025_report03_05.html
2025-09-24 13:37:14,160 - INFO - municipal_modules.Tokyo.fetchers.tokyo_net_report_fetcher - [TOKYO] Downloading: https://www.gikai.metro.tokyo.lg.jp/netreport/2025/report03/06.html
2025-09-24 13:37:14,836 - INFO - municipal_modules.Tokyo.fetchers.tokyo_net_report_fetcher - [TOKYO][DONE] Saved to /home/vboxuser/ZeroTrustTokyo/ZeroTrustDemocracy/app/raw_minutes/tokyo_net_report_2025_report03_06.html
2025-09-24 13:37:14,836 - INFO - municipal_modules.Tokyo.fetchers.tokyo_net_report_fetcher - [TOKYO] Downloading: https://www.gikai.metro.tokyo.lg.jp/netreport/2025/report03/07.html
2025-09-24 13:37:15,477 - INFO - municipal_modules.Tokyo.fetchers.tokyo_net_report_fetcher - [TOKYO][DONE] Saved to /home/vboxuser/ZeroTrustTokyo/ZeroTrustDemocracy/app/raw_minutes/tokyo_net_report_2025_report03_07.html
2025-09-24 13:37:15,477 - INFO - municipal_modules.Tokyo.fetchers.tokyo_net_report_fetcher - [TOKYO] Downloading: https://www.gikai.metro.tokyo.lg.jp/netreport/2025/report03/08.html
2025-09-24 13:37:16,170 - INFO - municipal_modules.Tokyo.fetchers.tokyo_net_report_fetcher - [TOKYO][DONE] Saved to /home/vboxuser/ZeroTrustTokyo/ZeroTrustDemocracy/app/raw_minutes/tokyo_net_report_2025_report03_08.html
2025-09-24 13:37:16,171 - INFO - municipal_modules.Tokyo.fetchers.tokyo_net_report_fetcher - [TOKYO] Downloading: https://www.gikai.metro.tokyo.lg.jp/netreport/2025/report03/09.html
2025-09-24 13:37:16,722 - INFO - municipal_modules.Tokyo.fetchers.tokyo_net_report_fetcher - [TOKYO][DONE] Saved to /home/vboxuser/ZeroTrustTokyo/ZeroTrustDemocracy/app/raw_minutes/tokyo_net_report_2025_report03_09.html
2025-09-24 13:37:16,722 - INFO - municipal_modules.Tokyo.fetchers.tokyo_net_report_fetcher - [TOKYO] Downloading: https://www.gikai.metro.tokyo.lg.jp/netreport/2025/report03/10.html
2025-09-24 13:37:17,245 - INFO - municipal_modules.Tokyo.fetchers.tokyo_net_report_fetcher - [TOKYO][DONE] Saved to /home/vboxuser/ZeroTrustTokyo/ZeroTrustDemocracy/app/raw_minutes/tokyo_net_report_2025_report03_10.html
2025-09-24 13:37:17,245 - INFO - municipal_modules.Tokyo.fetchers.tokyo_net_report_fetcher - [TOKYO] Downloading: https://www.gikai.metro.tokyo.lg.jp/netreport/2025/report03/11.html
2025-09-24 13:37:17,917 - INFO - municipal_modules.Tokyo.fetchers.tokyo_net_report_fetcher - [TOKYO][DONE] Saved to /home/vboxuser/ZeroTrustTokyo/ZeroTrustDemocracy/app/raw_minutes/tokyo_net_report_2025_report03_11.html
2025-09-24 13:37:17,917 - INFO - municipal_modules.Tokyo.fetchers.tokyo_net_report_fetcher - [TOKYO] Downloading: https://www.gikai.metro.tokyo.lg.jp/netreport/2025/report03/12.html
2025-09-24 13:37:18,462 - INFO - municipal_modules.Tokyo.fetchers.tokyo_net_report_fetcher - [TOKYO][DONE] Saved to /home/vboxuser/ZeroTrustTokyo/ZeroTrustDemocracy/app/raw_minutes/tokyo_net_report_2025_report03_12.html
2025-09-24 13:37:18,462 - INFO - municipal_modules.Tokyo.fetchers.tokyo_net_report_fetcher - [TOKYO] Downloading: https://www.gikai.metro.tokyo.lg.jp/netreport/2025/report03/13.html
2025-09-24 13:37:19,294 - INFO - municipal_modules.Tokyo.fetchers.tokyo_net_report_fetcher - [TOKYO][DONE] Saved to /home/vboxuser/ZeroTrustTokyo/ZeroTrustDemocracy/app/raw_minutes/tokyo_net_report_2025_report03_13.html
2025-09-24 13:37:19,635 - INFO - __main__ - [INFO] 未分析のファイル数: 41
2025-09-24 13:37:20,970 - INFO - __main__ - [INFO] 未分析のファイル数: 0
2025-09-24 13:37:21,011 - INFO - __main__ - [INFO] 未分析のファイル数: 0
2026-05-14 05:32:35,581 - INFO - app.municipal_modules.setagaya.committee.fetchers.setagaya_committee_fetcher - [DONE] Downloaded: https://kugi.city.setagaya.tokyo.jp/voices/CGI/voiweb.exe?ACT=200&KENSAKU=1&SORT=0&KTYP=2,3&KGTP=1,2,3&TITL=%88%CF%88%F5%89%EF&TITL_SUBT=%97%DF%98a%81@%82W%94N%81@%81@%82R%8C%8E%81@%82c%82w%81E%92n%88%E6%8Ds%90%AD%81E%8C%F6%8B%A4%8E%7B%90%DD%90%AE%94%F5%93%99%90%84%90i%93%C1%95%CA%88%CF%88%F5%89%EF%81%7C03%8C%8E18%93%FA-01%8D%86&SFIELD1=HTGN&SSPLIT1=+%2B%2F%21%28%29-&KGNO=2313&FINO=5246&HUID=585756&UNID=k_R08031844014 → /home/vboxuser/ZeroTrustDemocracy/app/raw_minutes/SetagayaCommitteeFetcher_k_R08031844014.txt
2026-05-14 05:32:37,289 - INFO - app.municipal_modules.setagaya.committee.fetchers.setagaya_committee_fetcher - [DONE] Downloaded: https://kugi.city.setagaya.tokyo.jp/voices/CGI/voiweb.exe?ACT=200&KENSAKU=1&SORT=0&KTYP=2,3&KGTP=1,2,3&TITL=%88%CF%88%F5%89%EF&TITL_SUBT=%97%DF%98a%81@%82W%94N%81@%81@%82R%8C%8E%81@%8A%E9%89%E6%91%8D%96%B1%8F%ED%94C%88%CF%88%F5%89%EF%81%7C03%8C%8E18%93%FA-01%8D%86&SFIELD1=HTGN&SSPLIT1=+%2B%2F%21%28%29-&KGNO=2312&FINO=5245&HUID=585729&UNID=k_R08031831014 → /home/vboxuser/ZeroTrustDemocracy/app/raw_minutes/SetagayaCommitteeFetcher_k_R08031831014.txt
2026-05-14 05:32:39,049 - INFO - app.municipal_modules.setagaya.committee.fetchers.setagaya_committee_fetcher - [DONE] Downloaded: https://kugi.city.setagaya.tokyo.jp/voices/CGI/voiweb.exe?ACT=200&KENSAKU=1&SORT=0&KTYP=2,3&KGTP=1,2,3&TITL=%88%CF%88%F5%89%EF&TITL_SUBT=%97%DF%98a%81@%82W%94N%81@%81@%82R%8C%8E%81@%95%9F%8E%83%95%DB%8C%92%8F%ED%94C%88%CF%88%F5%89%EF%81%7C03%8C%8E16%93%FA-01%8D%86&SFIELD1=HTGN&SSPLIT1=+%2B%2F%21%28%29-&KGNO=2311&FINO=5244&HUID=585690&UNID=k_R08031634014 → /home/vboxuser/ZeroTrustDemocracy/app/raw_minutes/SetagayaCommitteeFetcher_k_R08031634014.txt
2026-05-14 05:32:40,928 - INFO - app.municipal_modules.setagaya.committee.fetchers.setagaya_committee_fetcher - [DONE] Downloaded: https://kugi.city.setagaya.tokyo.jp/voices/CGI/voiweb.exe?ACT=200&KENSAKU=1&SORT=0&KTYP=2,3&KGTP=1,2,3&TITL=%88%CF%88%F5%89%EF&TITL_SUBT=%97%DF%98a%81@%82W%94N%81@%81@%82R%8C%8E%81@%93s%8Es%90%AE%94%F5%8F%ED%94C%88%CF%88%F5%89%EF%81%7C03%8C%8E10%93%FA-01%8D%86&SFIELD1=HTGN&SSPLIT1=+%2B%2F%21%28%29-&KGNO=2310&FINO=5243&HUID=585632&UNID=k_R08031033014 → /home/vboxuser/ZeroTrustDemocracy/app/raw_minutes/SetagayaCommitteeFetcher_k_R08031033014.txt
2026-05-14 05:32:42,629 - INFO - app.municipal_modules.setagaya.committee.fetchers.setagaya_committee_fetcher - [DONE] Downloaded: https://kugi.city.setagaya.tokyo.jp/voices/CGI/voiweb.exe?ACT=200&KENSAKU=1&SORT=0&KTYP=2,3&KGTP=1,2,3&TITL=%88%CF%88%F5%89%EF&TITL_SUBT=%97%DF%98a%81@%82W%94N%81@%81@%82R%8C%8E%81@%8Bc%89%EF%89^%89c%88%CF%88%F5%89%EF%81%7C03%8C%8E02%93%FA-01%8D%86&SFIELD1=HTGN&SSPLIT1=+%2B%2F%21%28%29-&KGNO=2309&FINO=5242&HUID=585601&UNID=k_R08030248014 → /home/vboxuser/ZeroTrustDemocracy/app/raw_minutes/SetagayaCommitteeFetcher_k_R08030248014.txt
2026-05-14 05:32:44,258 - INFO - app.municipal_modules.setagaya.committee.fetchers.setagaya_committee_fetcher - [DONE] Downloaded: https://kugi.city.setagaya.tokyo.jp/voices/CGI/voiweb.exe?ACT=200&KENSAKU=1&SORT=0&KTYP=2,3&KGTP=1,2,3&TITL=%88%CF%88%F5%89%EF&TITL_SUBT=%97%DF%98a%81@%82W%94N%81@%81@%82R%8C%8E%81@%8Bc%89%EF%89^%89c%88%CF%88%F5%89%EF%81%7C03%8C%8E18%93%FA-01%8D%86&SFIELD1=HTGN&SSPLIT1=+%2B%2F%21%28%29-&KGNO=2309&FINO=5247&HUID=585768&UNID=k_R08031848014 → /home/vboxuser/ZeroTrustDemocracy/app/raw_minutes/SetagayaCommitteeFetcher_k_R08031848014.txt
2026-05-14 05:32:46,330 - INFO - app.municipal_modules.setagaya.committee.fetchers.setagaya_committee_fetcher - [DONE] Downloaded: https://kugi.city.setagaya.tokyo.jp/voices/CGI/voiweb.exe?ACT=200&KENSAKU=1&SORT=0&KTYP=2,3&KGTP=1,2,3&TITL=%88%CF%88%F5%89%EF&TITL_SUBT=%97%DF%98a%81@%82W%94N%81@%81@%82R%8C%8E%81@%8Bc%89%EF%89^%89c%88%CF%88%F5%89%EF%81%7C03%8C%8E27%93%FA-01%8D%86&SFIELD1=HTGN&SSPLIT1=+%2B%2F%21%28%29-&KGNO=2309&FINO=5248&HUID=585775&UNID=k_R08032748014 → /home/vboxuser/ZeroTrustDemocracy/app/raw_minutes/SetagayaCommitteeFetcher_k_R08032748014.txt
2026-05-14 05:32:48,661 - INFO - app.municipal_modules.setagaya.committee.fetchers.setagaya_committee_fetcher - [DONE] Downloaded: https://kugi.city.setagaya.tokyo.jp/voices/CGI/voiweb.exe?ACT=200&KENSAKU=1&SORT=0&KTYP=2,3&KGTP=1,2,3&TITL=%88%CF%88%F5%89%EF&TITL_SUBT=%97%DF%98a%81@%82W%94N%81@%81@%82R%8C%8E%81@%8Bc%89%EF%89^%89c%88%CF%88%F5%89%EF%81%7C03%8C%8E27%93%FA-02%8D%86&SFIELD1=HTGN&SSPLIT1=+%2B%2F%21%28%29-&KGNO=2309&FINO=5249&HUID=585809&UNID=k_R08032748024 → /home/vboxuser/ZeroTrustDemocracy/app/raw_minutes/SetagayaCommitteeFetcher_k_R08032748024.txt
2026-05-14 05:32:50,377 - INFO - app.municipal_modules.setagaya.committee.fetchers.setagaya_committee_fetcher - [DONE] Downloaded: https://kugi.city.setagaya.tokyo.jp/voices/CGI/voiweb.exe?ACT=200&KENSAKU=1&SORT=0&KTYP=2,3&KGTP=1,2,3&TITL=%88%CF%88%F5%89%EF&TITL_SUBT=%97%DF%98a%81@%82W%94N%81@%81@%82Q%8C%8E%81@%8Bc%89%EF%89^%89c%88%CF%88%F5%89%EF%81%7C02%8C%8E09%93%FA-01%8D%86&SFIELD1=HTGN&SSPLIT1=+%2B%2F%21%28%29-&KGNO=2308&FINO=5230&HUID=584817&UNID=k_R08020948014 → /home/vboxuser/ZeroTrustDemocracy/app/raw_minutes/SetagayaCommitteeFetcher_k_R08020948014.txt
2026-05-14 05:32:52,779 - INFO - app.municipal_modules.setagaya.committee.fetchers.setagaya_committee_fetcher - [DONE] Downloaded: https://kugi.city.setagaya.tokyo.jp/voices/CGI/voiweb.exe?ACT=200&KENSAKU=1&SORT=0&KTYP=2,3&KGTP=1,2,3&TITL=%88%CF%88%F5%89%EF&TITL_SUBT=%97%DF%98a%81@%82W%94N%81@%81@%82Q%8C%8E%81@%8Bc%89%EF%89^%89c%88%CF%88%F5%89%EF%81%7C02%8C%8E18%93%FA-01%8D%86&SFIELD1=HTGN&SSPLIT1=+%2B%2F%21%28%29-&KGNO=2308&FINO=5231&HUID=584854&UNID=k_R08021848014 → /home/vboxuser/ZeroTrustDemocracy/app/raw_minutes/SetagayaCommitteeFetcher_k_R08021848014.txt
2026-05-14 05:32:54,396 - INFO - app.municipal_modules.setagaya.committee.fetchers.setagaya_committee_fetcher - [DONE] Downloaded: https://kugi.city.setagaya.tokyo.jp/voices/CGI/voiweb.exe?ACT=200&KENSAKU=1&SORT=0&KTYP=2,3&KGTP=1,2,3&TITL=%88%CF%88%F5%89%EF&TITL_SUBT=%97%DF%98a%81@%82W%94N%81@%81@%82Q%8C%8E%81@%8Bc%89%EF%89^%89c%88%CF%88%F5%89%EF%81%7C02%8C%8E20%93%FA-01%8D%86&SFIELD1=HTGN&SSPLIT1=+%2B%2F%21%28%29-&KGNO=2308&FINO=5232&HUID=584903&UNID=k_R08022048014 → /home/vboxuser/ZeroTrustDemocracy/app/raw_minutes/SetagayaCommitteeFetcher_k_R08022048014.txt
2026-05-14 05:32:57,423 - INFO - app.municipal_modules.setagaya.committee.fetchers.setagaya_committee_fetcher - [DONE] Downloaded: https://kugi.city.setagaya.tokyo.jp/voices/CGI/voiweb.exe?ACT=200&KENSAKU=1&SORT=0&KTYP=2,3&KGTP=1,2,3&TITL=%88%CF%88%F5%89%EF&TITL_SUBT=%97%DF%98a%81@%82W%94N%81@%81@%82Q%8C%8E%81@%8Eq%82%C7%82%E0%81E%8E%E1%8E%D2%8E%7B%8D%F4%90%84%90i%93%C1%95%CA%88%CF%88%F5%89%EF%81%7C02%8C%8E05%93%FA-01%8D%86&SFIELD1=HTGN&SSPLIT1=+%2B%2F%21%28%29-&KGNO=2307&FINO=5229&HUID=584635&UNID=k_R08020545014 → /home/vboxuser/ZeroTrustDemocracy/app/raw_minutes/SetagayaCommitteeFetcher_k_R08020545014.txt
2026-05-14 05:33:03,366 - INFO - app.municipal_modules.setagaya.committee.fetchers.setagaya_committee_fetcher - [DONE] Downloaded: https://kugi.city.setagaya.tokyo.jp/voices/CGI/voiweb.exe?ACT=200&KENSAKU=1&SORT=0&KTYP=2,3&KGTP=1,2,3&TITL=%88%CF%88%F5%89%EF&TITL_SUBT=%97%DF%98a%81@%82W%94N%81@%81@%82Q%8C%8E%81@%8Eq%82%C7%82%E0%81E%8E%E1%8E%D2%8E%7B%8D%F4%90%84%90i%93%C1%95%CA%88%CF%88%F5%89%EF%81%7C02%8C%8E26%93%FA-01%8D%86&SFIELD1=HTGN&SSPLIT1=+%2B%2F%21%28%29-&KGNO=2307&FINO=5241&HUID=585475&UNID=k_R08022645014 → /home/vboxuser/ZeroTrustDemocracy/app/raw_minutes/SetagayaCommitteeFetcher_k_R08022645014.txt
2026-05-14 05:33:20,464 - INFO - __main__ - [INFO] SetagayaCommitteeFetcher: 未分析のファイル数 13
2026-05-14 05:33:20,464 - WARNING - __main__ - [WARN] ファイルが見つかりません: raw_minutes/SetagayaCommitteeFetcher_k_R08031844014.txt
2026-05-14 05:33:20,464 - WARNING - __main__ - [WARN] ファイルが見つかりません: raw_minutes/SetagayaCommitteeFetcher_k_R08031831014.txt
2026-05-14 05:33:20,464 - WARNING - __main__ - [WARN] ファイルが見つかりません: raw_minutes/SetagayaCommitteeFetcher_k_R08031634014.txt
2026-05-14 05:33:20,464 - WARNING - __main__ - [WARN] ファイルが見つかりません: raw_minutes/SetagayaCommitteeFetcher_k_R08031033014.txt
2026-05-14 05:33:20,464 - WARNING - __main__ - [WARN] ファイルが見つかりません: raw_minutes/SetagayaCommitteeFetcher_k_R08030248014.txt
2026-05-14 05:33:20,464 - WARNING - __main__ - [WARN] ファイルが見つかりません: raw_minutes/SetagayaCommitteeFetcher_k_R08031848014.txt
2026-05-14 05:33:20,464 - WARNING - __main__ - [WARN] ファイルが見つかりません: raw_minutes/SetagayaCommitteeFetcher_k_R08032748014.txt
2026-05-14 05:33:20,464 - WARNING - __main__ - [WARN] ファイルが見つかりません: raw_minutes/SetagayaCommitteeFetcher_k_R08032748024.txt
2026-05-14 05:33:20,464 - WARNING - __main__ - [WARN] ファイルが見つかりません: raw_minutes/SetagayaCommitteeFetcher_k_R08020948014.txt
2026-05-14 05:33:20,464 - WARNING - __main__ - [WARN] ファイルが見つかりません: raw_minutes/SetagayaCommitteeFetcher_k_R08021848014.txt
2026-05-14 05:33:20,464 - WARNING - __main__ - [WARN] ファイルが見つかりません: raw_minutes/SetagayaCommitteeFetcher_k_R08022048014.txt
2026-05-14 05:33:20,464 - WARNING - __main__ - [WARN] ファイルが見つかりません: raw_minutes/SetagayaCommitteeFetcher_k_R08020545014.txt
2026-05-14 05:33:20,464 - WARNING - __main__ - [WARN] ファイルが見つかりません: raw_minutes/SetagayaCommitteeFetcher_k_R08022645014.txt
2026-05-14 05:33:20,466 - INFO - __main__ - [INFO] SetagayaRegularFetcher: 未分析のファイル数 0
2026-05-14 05:36:24,029 - WARNING - app.municipal_modules - Failed to import municipality setagaya: No module named 'playwright'
2026-05-14 05:36:33,648 - WARNING - app.municipal_modules - Failed to import municipality setagaya: No module named 'playwright'
2026-05-14 05:37:32,835 - INFO - __main__ - [INFO] SetagayaCommitteeFetcher: 未分析のファイル数 13
2026-05-14 05:37:32,835 - WARNING - __main__ - [WARN] ファイルが見つかりません: raw_minutes/SetagayaCommitteeFetcher_k_R08031844014.txt
2026-05-14 05:37:32,835 - WARNING - __main__ - [WARN] ファイルが見つかりません: raw_minutes/SetagayaCommitteeFetcher_k_R08031831014.txt
2026-05-14 05:37:32,835 - WARNING - __main__ - [WARN] ファイルが見つかりません: raw_minutes/SetagayaCommitteeFetcher_k_R08031634014.txt
2026-05-14 05:37:32,835 - WARNING - __main__ - [WARN] ファイルが見つかりません: raw_minutes/SetagayaCommitteeFetcher_k_R08031033014.txt
2026-05-14 05:37:32,835 - WARNING - __main__ - [WARN] ファイルが見つかりません: raw_minutes/SetagayaCommitteeFetcher_k_R08030248014.txt
2026-05-14 05:37:32,835 - WARNING - __main__ - [WARN] ファイルが見つかりません: raw_minutes/SetagayaCommitteeFetcher_k_R08031848014.txt
2026-05-14 05:37:32,835 - WARNING - __main__ - [WARN] ファイルが見つかりません: raw_minutes/SetagayaCommitteeFetcher_k_R08032748014.txt
2026-05-14 05:37:32,835 - WARNING - __main__ - [WARN] ファイルが見つかりません: raw_minutes/SetagayaCommitteeFetcher_k_R08032748024.txt
2026-05-14 05:37:32,835 - WARNING - __main__ - [WARN] ファイルが見つかりません: raw_minutes/SetagayaCommitteeFetcher_k_R08020948014.txt
2026-05-14 05:37:32,835 - WARNING - __main__ - [WARN] ファイルが見つかりません: raw_minutes/SetagayaCommitteeFetcher_k_R08021848014.txt
2026-05-14 05:37:32,835 - WARNING - __main__ - [WARN] ファイルが見つかりません: raw_minutes/SetagayaCommitteeFetcher_k_R08022048014.txt
2026-05-14 05:37:32,835 - WARNING - __main__ - [WARN] ファイルが見つかりません: raw_minutes/SetagayaCommitteeFetcher_k_R08020545014.txt
2026-05-14 05:37:32,835 - WARNING - __main__ - [WARN] ファイルが見つかりません: raw_minutes/SetagayaCommitteeFetcher_k_R08022645014.txt
2026-05-14 05:37:32,837 - INFO - __main__ - [INFO] SetagayaRegularFetcher: 未分析のファイル数 0
2026-05-14 05:38:35,870 - INFO - __main__ - [INFO] SetagayaCommitteeFetcher: 未分析のファイル数 13
2026-05-14 05:38:36,013 - ERROR - app.municipal_modules.setagaya.committee.parsers.setagaya_committee_parser - [ERROR] 状態遷移エラー
2026-05-14 05:38:36,013 - ERROR - app.municipal_modules.setagaya.committee.parsers.setagaya_committee_parser - [ERROR] 元議事録ファイル: 
2026-05-14 05:38:36,013 - ERROR - app.municipal_modules.setagaya.committee.parsers.setagaya_committee_parser - [ERROR] 当該シークエンスの最初: {"id": 4, "mark": "◆", "name": "岡川大記", "role": "委員", "comment": "二つ目の資料ですね、七七ページの資料のほうの意見などをちょっと見ていたんですけれども……。", "raw": "◆岡川大記　委員　二つ目の資料ですね、七七ページの資料のほうの意見などをちょっと見ていたんですけれども……。"}
2026-05-14 05:38:36,014 - ERROR - app.municipal_modules.setagaya.committee.parsers.setagaya_committee_parser - 
2026-05-14 05:38:36,014 - ERROR - __main__ - [ERROR] 分析失敗（ID=4）: Unknown state transition.(start>?)[◆]
2026-05-14 05:38:36,173 - ERROR - app.municipal_modules.setagaya.committee.parsers.setagaya_committee_parser - [ERROR] 状態遷移エラー
2026-05-14 05:38:36,173 - ERROR - app.municipal_modules.setagaya.committee.parsers.setagaya_committee_parser - [ERROR] 元議事録ファイル: 
2026-05-14 05:38:36,173 - ERROR - app.municipal_modules.setagaya.committee.parsers.setagaya_committee_parser - [ERROR] 当該シークエンスの最初: {"id": 2, "mark": "◆", "name": "桜井純子", "role": "委員", "comment": "すみません、今報告がありました羽田圭二ですけれども、体調を崩しまして、先週から入院をさせていただいております。少し療養期間がかかるということがありまして、本会議三日間は欠席とさせていただきたいと思いますので、御了承いただければと思います。\n御迷惑をおかけしますが、よろしくお願いいたします。", "raw": "◆桜井純子　委員　すみません、今報告がありました羽田圭二ですけれども、体調を崩しまして、先週から入院をさせていただいております。少し療養期間がかかるということがありまして、本会議三日間は欠席とさせていただきたいと思いますので、御了承いただければと思います。\n御迷惑をおかけしますが、よろしくお願いいたします。"}
2026-05-14 05:38:36,173 - ERROR - app.municipal_modules.setagaya.committee.parsers.setagaya_committee_parser - 
2026-05-14 05:38:36,173 - ERROR - __main__ - [ERROR] 分析失敗（ID=10）: Unknown state transition.(start>?)[◆]
2026-05-14 05:38:36,174 - ERROR - app.municipal_modules.setagaya.committee.parsers.setagaya_committee_parser - [ERROR] 状態遷移エラー
2026-05-14 05:38:36,174 - ERROR - app.municipal_modules.setagaya.committee.parsers.setagaya_committee_parser - [ERROR] 元議事録ファイル: 
2026-05-14 05:38:36,174 - ERROR - app.municipal_modules.setagaya.committee.parsers.setagaya_committee_parser - [ERROR] 当該シークエンスの最初: {"id": 3, "mark": "◆", "name": "そのべせいや", "role": "委員外議員", "comment": "直前で恐縮ですが、本日午後の佐藤美樹議員の一般質問でモニター、実物、双方の資料を利用させていただきます。何とぞ御了承くださいますよう、よろしくお願い申し上げます。", "raw": "◆そのべせいや　委員外議員　直前で恐縮ですが、本日午後の佐藤美樹議員の一般質問でモニター、実物、双方の資料を利用させていただきます。何とぞ御了承くださいますよう、よろしくお願い申し上げます。"}
2026-05-14 05:38:36,174 - ERROR - app.municipal_modules.setagaya.committee.parsers.setagaya_committee_parser - 
2026-05-14 05:38:36,174 - ERROR - __main__ - [ERROR] 分析失敗（ID=11）: Unknown state transition.(start>?)[◆]
2026-05-14 05:38:36,263 - ERROR - app.municipal_modules.setagaya.committee.parsers.setagaya_committee_parser - [ERROR] 状態遷移エラー
2026-05-14 05:38:36,263 - ERROR - app.municipal_modules.setagaya.committee.parsers.setagaya_committee_parser - [ERROR] 元議事録ファイル: 
2026-05-14 05:38:36,264 - ERROR - app.municipal_modules.setagaya.committee.parsers.setagaya_committee_parser - [ERROR] 当該シークエンスの最初: {"id": 5, "mark": "◆", "name": "たかじょう訓子", "role": "委員", "comment": "日本共産党世田谷区議団は、本議案に賛成いたしますが、以下、意見を申し述べます。\nこども誰でも通園制度が来年度から全国実施となります。目的は、全ての子どもの育ちを応援し、良質な生育環境を整備すること、全ての子ども・子育て家庭を支援することとしています。国の制度では、施設、曜日、時間を固定せず、居住地以外の都道府県をまたいだ自由利用を可能とする柔軟利用が含まれています。安全性や保育の質については強く懸念されることから、日本共産党はこども誰でも通園制度を含む改正子ども・子育て支援法に反対してきました。\n一方、当区においては、柔軟利用を行わず、定期利用の方法で実施すること、国の月十時間の利用上限に上乗せし、四十八時間としたこと、子どもの育ちのセーフティーネットを担う区立保育園では実施しないこととしました。保育の質を重視してきた当区としての当然の対応だと考えますが、現状、保育待機児の激増などによって、さらなる詰め込み保育が進むことになります。保育の質が確保できるのかが問われることになります。\n区内の保育事業者からは、依然として保育現場は深刻な保育士不足でゆとりがない、その解決なしに新たな事業の展開はあり得ないとの声が届いています。こども誰でも通園制度は国基準の体制で行われることになると聞いています。保育士の処遇を抜本的に改善しながら、配置基準をさらに大きく拡充し、区内の保育園の保育の質の底上げを行うことにより、子どもたちの安全性を守っていただきたいということを強く求めます。\nさらに、今は保育待機児が激増という状況ですから、この保育待機児解消が一番最優先されるべきということを申し述べておきます。意見です。", "raw": "◆たかじょう訓子　委員　日本共産党世田谷区議団は、本議案に賛成いたしますが、以下、意見を申し述べます。\nこども誰でも通園制度が来年度から全国実施となります。目的は、全ての子どもの育ちを応援し、良質な生育環境を整備すること、全ての子ども・子育て家庭を支援することとしています。国の制度では、施設、曜日、時間を固定せず、居住地以外の都道府県をまたいだ自由利用を可能とする柔軟利用が含まれています。安全性や保育の質については強く懸念されることから、日本共産党はこども誰でも通園制度を含む改正子ども・子育て支援法に反対してきました。\n一方、当区においては、柔軟利用を行わず、定期利用の方法で実施すること、国の月十時間の利用上限に上乗せし、四十八時間としたこと、子どもの育ちのセーフティーネットを担う区立保育園では実施しないこととしました。保育の質を重視してきた当区としての当然の対応だと考えますが、現状、保育待機児の激増などによって、さらなる詰め込み保育が進むことになります。保育の質が確保できるのかが問われることになります。\n区内の保育事業者からは、依然として保育現場は深刻な保育士不足でゆとりがない、その解決なしに新たな事業の展開はあり得ないとの声が届いています。こども誰でも通園制度は国基準の体制で行われることになると聞いています。保育士の処遇を抜本的に改善しながら、配置基準をさらに大きく拡充し、区内の保育園の保育の質の底上げを行うことにより、子どもたちの安全性を守っていただきたいということを強く求めます。\nさらに、今は保育待機児が激増という状況ですから、この保育待機児解消が一番最優先されるべきということを申し述べておきます。意見です。"}
2026-05-14 05:38:36,266 - ERROR - app.municipal_modules.setagaya.committee.parsers.setagaya_committee_parser - 
2026-05-14 05:38:36,266 - ERROR - __main__ - [ERROR] 分析失敗（ID=13）: Unknown state transition.(start>?)[◆]
2026-05-14 05:38:36,268 - INFO - __main__ - [INFO] SetagayaRegularFetcher: 未分析のファイル数 0
2026-05-14 05:39:28,933 - ERROR - app.municipal_modules.setagaya.committee.parsers.setagaya_committee_parser - [ERROR] 状態遷移エラー
2026-05-14 05:39:28,933 - ERROR - app.municipal_modules.setagaya.committee.parsers.setagaya_committee_parser - [ERROR] 元議事録ファイル: 
2026-05-14 05:39:28,933 - ERROR - app.municipal_modules.setagaya.committee.parsers.setagaya_committee_parser - [ERROR] 当該シークエンスの最初: {"id": 4, "mark": "◆", "name": "岡川大記", "role": "委員", "comment": "二つ目の資料ですね、七七ページの資料のほうの意見などをちょっと見ていたんですけれども……。", "raw": "◆岡川大記　委員　二つ目の資料ですね、七七ページの資料のほうの意見などをちょっと見ていたんですけれども……。"}
2026-05-14 05:39:28,934 - ERROR - app.municipal_modules.setagaya.committee.parsers.setagaya_committee_parser - 
2026-05-14 05:40:54,500 - INFO - __main__ - [INFO] SetagayaCommitteeFetcher: 未分析のファイル数 13
2026-05-14 05:40:55,018 - INFO - __main__ - [INFO] SetagayaRegularFetcher: 未分析のファイル数 0
2026-05-14 05:41:45,486 - INFO - __main__ - [INFO] SetagayaCommitteeFetcher: 未分析のファイル数 0
2026-05-14 05:41:45,488 - INFO - __main__ - [INFO] SetagayaRegularFetcher: 未分析のファイル数 0
